2019-04-26 21:53:24,619 INFO 12066 [egg-schedule]: register schedule /Users/lp1/Downloads/Vue-shopping-master/egg/node_modules/_egg-logrotator@3.1.0@egg-logrotator/app/schedule/clean_log.js
2019-04-26 21:53:24,619 INFO 12066 [egg-schedule]: register schedule /Users/lp1/Downloads/Vue-shopping-master/egg/node_modules/_egg-logrotator@3.1.0@egg-logrotator/app/schedule/rotate_by_file.js
2019-04-26 21:53:25,133 INFO 12060 [Timer] /Users/lp1/Downloads/Vue-shopping-master/egg/node_modules/_egg-logrotator@3.1.0@egg-logrotator/app/schedule/clean_log.js next time will execute after 7594868ms at 2019-04-27 00:00:00.001
2019-04-26 21:53:25,134 INFO 12060 [Timer] /Users/lp1/Downloads/Vue-shopping-master/egg/node_modules/_egg-logrotator@3.1.0@egg-logrotator/app/schedule/rotate_by_file.js next time will execute after 7595867ms at 2019-04-27 00:00:01.001
2019-04-27 08:36:27,870 INFO 6732 [egg-schedule]: register schedule C:\Users\Administrator\Desktop\shop\server\node_modules\egg-logrotator\app\schedule\clean_log.js
2019-04-27 08:36:27,870 INFO 6732 [egg-schedule]: register schedule C:\Users\Administrator\Desktop\shop\server\node_modules\egg-logrotator\app\schedule\rotate_by_file.js
2019-04-27 08:36:28,544 INFO 2016 [Timer] C:\Users\Administrator\Desktop\shop\server\node_modules\egg-logrotator\app\schedule\clean_log.js next time will execute after 55411458ms at 2019-04-28 00:00:00.002
2019-04-27 08:36:28,545 INFO 2016 [Timer] C:\Users\Administrator\Desktop\shop\server\node_modules\egg-logrotator\app\schedule\rotate_by_file.js next time will execute after 55412456ms at 2019-04-28 00:00:01.001
2019-04-27 10:25:49,289 INFO 3124 [egg-schedule]: register schedule C:\Users\Administrator\Desktop\shop\server\node_modules\egg-logrotator\app\schedule\clean_log.js
2019-04-27 10:25:49,289 INFO 3124 [egg-schedule]: register schedule C:\Users\Administrator\Desktop\shop\server\node_modules\egg-logrotator\app\schedule\rotate_by_file.js
2019-04-27 10:25:50,207 INFO 4408 [Timer] C:\Users\Administrator\Desktop\shop\server\node_modules\egg-logrotator\app\schedule\clean_log.js next time will execute after 48849796ms at 2019-04-28 00:00:00.003
2019-04-27 10:25:50,208 INFO 4408 [Timer] C:\Users\Administrator\Desktop\shop\server\node_modules\egg-logrotator\app\schedule\rotate_by_file.js next time will execute after 48850793ms at 2019-04-28 00:00:01.001
2019-04-30 13:56:42,574 INFO 7004 [egg-schedule]: register schedule C:\Users\Administrator\Desktop\shop\server\node_modules\_egg-logrotator@3.1.0@egg-logrotator\app\schedule\clean_log.js
2019-04-30 13:56:42,574 INFO 7004 [egg-schedule]: register schedule C:\Users\Administrator\Desktop\shop\server\node_modules\_egg-logrotator@3.1.0@egg-logrotator\app\schedule\rotate_by_file.js
2019-04-30 13:56:43,566 INFO 7296 [Timer] C:\Users\Administrator\Desktop\shop\server\node_modules\_egg-logrotator@3.1.0@egg-logrotator\app\schedule\clean_log.js next time will execute after 36196437ms at 2019-05-01 00:00:00.003
2019-04-30 13:56:43,566 INFO 7296 [Timer] C:\Users\Administrator\Desktop\shop\server\node_modules\_egg-logrotator@3.1.0@egg-logrotator\app\schedule\rotate_by_file.js next time will execute after 36197434ms at 2019-05-01 00:00:01.000
2019-04-30 14:03:27,981 INFO 1108 [egg-schedule]: register schedule C:\Users\Administrator\Desktop\shop\server\node_modules\_egg-logrotator@3.1.0@egg-logrotator\app\schedule\clean_log.js
2019-04-30 14:03:27,981 INFO 1108 [egg-schedule]: register schedule C:\Users\Administrator\Desktop\shop\server\node_modules\_egg-logrotator@3.1.0@egg-logrotator\app\schedule\rotate_by_file.js
2019-04-30 14:03:28,965 INFO 7224 [Timer] C:\Users\Administrator\Desktop\shop\server\node_modules\_egg-logrotator@3.1.0@egg-logrotator\app\schedule\clean_log.js next time will execute after 35791037ms at 2019-05-01 00:00:00.002
2019-04-30 14:03:28,965 INFO 7224 [Timer] C:\Users\Administrator\Desktop\shop\server\node_modules\_egg-logrotator@3.1.0@egg-logrotator\app\schedule\rotate_by_file.js next time will execute after 35792035ms at 2019-05-01 00:00:01.000
2019-04-30 15:00:05,800 INFO 6380 [egg-schedule]: register schedule C:\Users\Administrator\Desktop\shop\server\node_modules\_egg-logrotator@3.1.0@egg-logrotator\app\schedule\clean_log.js
2019-04-30 15:00:05,800 INFO 6380 [egg-schedule]: register schedule C:\Users\Administrator\Desktop\shop\server\node_modules\_egg-logrotator@3.1.0@egg-logrotator\app\schedule\rotate_by_file.js
2019-04-30 15:01:10,434 INFO 6940 [egg-schedule]: register schedule C:\Users\Administrator\Desktop\shop\server\node_modules\_egg-logrotator@3.1.0@egg-logrotator\app\schedule\clean_log.js
2019-04-30 15:01:10,434 INFO 6940 [egg-schedule]: register schedule C:\Users\Administrator\Desktop\shop\server\node_modules\_egg-logrotator@3.1.0@egg-logrotator\app\schedule\rotate_by_file.js
2019-04-30 15:10:23,300 INFO 1588 [egg-schedule]: register schedule C:\Users\Administrator\Desktop\shop\server\node_modules\_egg-logrotator@3.1.0@egg-logrotator\app\schedule\clean_log.js
2019-04-30 15:10:23,300 INFO 1588 [egg-schedule]: register schedule C:\Users\Administrator\Desktop\shop\server\node_modules\_egg-logrotator@3.1.0@egg-logrotator\app\schedule\rotate_by_file.js
2019-04-30 16:00:35,805 INFO 8096 [Timer] C:\Users\Administrator\Desktop\shop\server\node_modules\_egg-logrotator@3.1.0@egg-logrotator\app\schedule\clean_log.js next time will execute after 28764197ms at 2019-05-01 00:00:00.002
2019-04-30 16:00:35,806 INFO 8096 [Timer] C:\Users\Administrator\Desktop\shop\server\node_modules\_egg-logrotator@3.1.0@egg-logrotator\app\schedule\rotate_by_file.js next time will execute after 28765194ms at 2019-05-01 00:00:01.000
2019-04-30 16:00:34,907 INFO 2516 [egg-schedule]: register schedule C:\Users\Administrator\Desktop\shop\server\node_modules\_egg-logrotator@3.1.0@egg-logrotator\app\schedule\clean_log.js
2019-04-30 16:00:34,907 INFO 2516 [egg-schedule]: register schedule C:\Users\Administrator\Desktop\shop\server\node_modules\_egg-logrotator@3.1.0@egg-logrotator\app\schedule\rotate_by_file.js
2019-04-30 16:27:59,003 INFO 1652 [egg-schedule]: register schedule C:\Users\Administrator\Desktop\shop\server\node_modules\_egg-logrotator@3.1.0@egg-logrotator\app\schedule\clean_log.js
2019-04-30 16:27:59,003 INFO 1652 [egg-schedule]: register schedule C:\Users\Administrator\Desktop\shop\server\node_modules\_egg-logrotator@3.1.0@egg-logrotator\app\schedule\rotate_by_file.js
2019-04-30 16:27:59,901 INFO 3480 [Timer] C:\Users\Administrator\Desktop\shop\server\node_modules\_egg-logrotator@3.1.0@egg-logrotator\app\schedule\clean_log.js next time will execute after 27120102ms at 2019-05-01 00:00:00.003
2019-04-30 16:27:59,902 INFO 3480 [Timer] C:\Users\Administrator\Desktop\shop\server\node_modules\_egg-logrotator@3.1.0@egg-logrotator\app\schedule\rotate_by_file.js next time will execute after 27121098ms at 2019-05-01 00:00:01.000
2019-05-08 11:13:01,316 INFO 7920 [egg-schedule]: register schedule C:\Users\Administrator\Desktop\shop\server\node_modules\_egg-logrotator@3.1.0@egg-logrotator\app\schedule\clean_log.js
2019-05-08 11:13:01,316 INFO 7920 [egg-schedule]: register schedule C:\Users\Administrator\Desktop\shop\server\node_modules\_egg-logrotator@3.1.0@egg-logrotator\app\schedule\rotate_by_file.js
2019-05-08 11:13:02,273 INFO 7520 [Timer] C:\Users\Administrator\Desktop\shop\server\node_modules\_egg-logrotator@3.1.0@egg-logrotator\app\schedule\clean_log.js next time will execute after 46017730ms at 2019-05-09 00:00:00.003
2019-05-08 11:13:02,273 INFO 7520 [Timer] C:\Users\Administrator\Desktop\shop\server\node_modules\_egg-logrotator@3.1.0@egg-logrotator\app\schedule\rotate_by_file.js next time will execute after 46018727ms at 2019-05-09 00:00:01.000
2019-05-08 16:19:35,394 INFO 6608 [egg-schedule]: register schedule C:\Users\Administrator\Desktop\shop\server\node_modules\_egg-logrotator@3.1.0@egg-logrotator\app\schedule\clean_log.js
2019-05-08 16:19:35,394 INFO 6608 [egg-schedule]: register schedule C:\Users\Administrator\Desktop\shop\server\node_modules\_egg-logrotator@3.1.0@egg-logrotator\app\schedule\rotate_by_file.js
2019-05-08 16:19:36,932 INFO 3768 [Timer] C:\Users\Administrator\Desktop\shop\server\node_modules\_egg-logrotator@3.1.0@egg-logrotator\app\schedule\clean_log.js next time will execute after 27623072ms at 2019-05-09 00:00:00.004
2019-05-08 16:19:36,934 INFO 3768 [Timer] C:\Users\Administrator\Desktop\shop\server\node_modules\_egg-logrotator@3.1.0@egg-logrotator\app\schedule\rotate_by_file.js next time will execute after 27624067ms at 2019-05-09 00:00:01.001
2019-05-10 08:53:01,790 INFO 3636 [egg-schedule]: register schedule C:\Users\Administrator\Desktop\shop\server\node_modules\_egg-logrotator@3.1.0@egg-logrotator\app\schedule\clean_log.js
2019-05-10 08:53:01,790 INFO 3636 [egg-schedule]: register schedule C:\Users\Administrator\Desktop\shop\server\node_modules\_egg-logrotator@3.1.0@egg-logrotator\app\schedule\rotate_by_file.js
2019-05-10 08:53:02,667 INFO 7236 [Timer] C:\Users\Administrator\Desktop\shop\server\node_modules\_egg-logrotator@3.1.0@egg-logrotator\app\schedule\clean_log.js next time will execute after 54417335ms at 2019-05-11 00:00:00.002
2019-05-10 08:53:02,670 INFO 7236 [Timer] C:\Users\Administrator\Desktop\shop\server\node_modules\_egg-logrotator@3.1.0@egg-logrotator\app\schedule\rotate_by_file.js next time will execute after 54418333ms at 2019-05-11 00:00:01.002
2019-05-10 08:53:17,483 INFO 7048 [egg-schedule]: register schedule C:\Users\Administrator\Desktop\shop\server\node_modules\_egg-logrotator@3.1.0@egg-logrotator\app\schedule\clean_log.js
2019-05-10 08:53:17,483 INFO 7048 [egg-schedule]: register schedule C:\Users\Administrator\Desktop\shop\server\node_modules\_egg-logrotator@3.1.0@egg-logrotator\app\schedule\rotate_by_file.js
2019-05-10 08:53:18,095 INFO 7848 [Timer] C:\Users\Administrator\Desktop\shop\server\node_modules\_egg-logrotator@3.1.0@egg-logrotator\app\schedule\clean_log.js next time will execute after 54401907ms at 2019-05-11 00:00:00.002
2019-05-10 08:53:18,096 INFO 7848 [Timer] C:\Users\Administrator\Desktop\shop\server\node_modules\_egg-logrotator@3.1.0@egg-logrotator\app\schedule\rotate_by_file.js next time will execute after 54402904ms at 2019-05-11 00:00:01.000
2019-07-01 09:48:44,453 INFO 6592 [Timer] C:\Users\Administrator\Desktop\vue商城项目\server\node_modules\egg-multipart\app\schedule\clean_tmpdir.js next time will execute after 67275550ms at 2019-07-02 04:30:00.003
2019-07-01 09:48:44,453 INFO 6592 [Timer] C:\Users\Administrator\Desktop\vue商城项目\server\node_modules\egg-logrotator\app\schedule\clean_log.js next time will execute after 51075547ms at 2019-07-02 00:00:00.000
2019-07-01 09:48:44,453 INFO 6592 [Timer] C:\Users\Administrator\Desktop\vue商城项目\server\node_modules\egg-logrotator\app\schedule\rotate_by_file.js next time will execute after 51076547ms at 2019-07-02 00:00:01.000
2019-07-01 09:48:43,807 INFO 404 [egg-schedule]: register schedule C:\Users\Administrator\Desktop\vue商城项目\server\node_modules\egg-multipart\app\schedule\clean_tmpdir.js
2019-07-01 09:48:43,807 INFO 404 [egg-schedule]: register schedule C:\Users\Administrator\Desktop\vue商城项目\server\node_modules\egg-logrotator\app\schedule\clean_log.js
2019-07-01 09:48:43,807 INFO 404 [egg-schedule]: register schedule C:\Users\Administrator\Desktop\vue商城项目\server\node_modules\egg-logrotator\app\schedule\rotate_by_file.js
2019-07-03 14:42:37,687 INFO 9404 [egg-schedule]: register schedule C:\Users\Administrator\Desktop\vue商城项目\server\node_modules\egg-multipart\app\schedule\clean_tmpdir.js
2019-07-03 14:42:37,687 INFO 9404 [egg-schedule]: register schedule C:\Users\Administrator\Desktop\vue商城项目\server\node_modules\egg-logrotator\app\schedule\clean_log.js
2019-07-03 14:42:37,687 INFO 9404 [egg-schedule]: register schedule C:\Users\Administrator\Desktop\vue商城项目\server\node_modules\egg-logrotator\app\schedule\rotate_by_file.js
2019-07-03 14:42:38,972 INFO 7312 [Timer] C:\Users\Administrator\Desktop\vue商城项目\server\node_modules\egg-multipart\app\schedule\clean_tmpdir.js next time will execute after 49641031ms at 2019-07-04 04:30:00.003
2019-07-03 14:42:38,973 INFO 7312 [Timer] C:\Users\Administrator\Desktop\vue商城项目\server\node_modules\egg-logrotator\app\schedule\clean_log.js next time will execute after 33441027ms at 2019-07-04 00:00:00.000
2019-07-03 14:42:38,973 INFO 7312 [Timer] C:\Users\Administrator\Desktop\vue商城项目\server\node_modules\egg-logrotator\app\schedule\rotate_by_file.js next time will execute after 33442027ms at 2019-07-04 00:00:01.000
2019-07-03 15:24:23,579 INFO 10252 [egg-schedule]: register schedule C:\Users\Administrator\Desktop\vue商城项目\server\node_modules\egg-multipart\app\schedule\clean_tmpdir.js
2019-07-03 15:24:23,579 INFO 10252 [egg-schedule]: register schedule C:\Users\Administrator\Desktop\vue商城项目\server\node_modules\egg-logrotator\app\schedule\clean_log.js
2019-07-03 15:24:23,579 INFO 10252 [egg-schedule]: register schedule C:\Users\Administrator\Desktop\vue商城项目\server\node_modules\egg-logrotator\app\schedule\rotate_by_file.js
2019-07-03 15:24:24,757 INFO 6160 [Timer] C:\Users\Administrator\Desktop\vue商城项目\server\node_modules\egg-multipart\app\schedule\clean_tmpdir.js next time will execute after 47135246ms at 2019-07-04 04:30:00.003
2019-07-03 15:24:24,758 INFO 6160 [Timer] C:\Users\Administrator\Desktop\vue商城项目\server\node_modules\egg-logrotator\app\schedule\clean_log.js next time will execute after 30935243ms at 2019-07-04 00:00:00.001
2019-07-03 15:24:24,758 INFO 6160 [Timer] C:\Users\Administrator\Desktop\vue商城项目\server\node_modules\egg-logrotator\app\schedule\rotate_by_file.js next time will execute after 30936242ms at 2019-07-04 00:00:01.000
2019-12-28 15:04:18,273 INFO 9840 [egg-schedule]: register schedule D:\vue\shopping\server\node_modules\egg-multipart\app\schedule\clean_tmpdir.js
2019-12-28 15:04:18,274 INFO 9840 [egg-schedule]: register schedule D:\vue\shopping\server\node_modules\egg-logrotator\app\schedule\clean_log.js
2019-12-28 15:04:18,274 INFO 9840 [egg-schedule]: register schedule D:\vue\shopping\server\node_modules\egg-logrotator\app\schedule\rotate_by_file.js
2019-12-28 15:04:19,325 INFO 528 [Timer] D:\vue\shopping\server\node_modules\egg-multipart\app\schedule\clean_tmpdir.js next time will execute after 48340678ms at 2019-12-29 04:30:00.003
2019-12-28 15:04:19,325 INFO 528 [Timer] D:\vue\shopping\server\node_modules\egg-logrotator\app\schedule\clean_log.js next time will execute after 32140675ms at 2019-12-29 00:00:00.000
2019-12-28 15:04:19,325 INFO 528 [Timer] D:\vue\shopping\server\node_modules\egg-logrotator\app\schedule\rotate_by_file.js next time will execute after 32141675ms at 2019-12-29 00:00:01.000
2019-12-30 09:01:42,177 INFO 5612 [egg-schedule]: register schedule D:\vue\shopping\server\node_modules\egg-multipart\app\schedule\clean_tmpdir.js
2019-12-30 09:01:42,177 INFO 5612 [egg-schedule]: register schedule D:\vue\shopping\server\node_modules\egg-logrotator\app\schedule\clean_log.js
2019-12-30 09:01:42,177 INFO 5612 [egg-schedule]: register schedule D:\vue\shopping\server\node_modules\egg-logrotator\app\schedule\rotate_by_file.js
2019-12-30 09:01:43,429 INFO 5104 [Timer] D:\vue\shopping\server\node_modules\egg-multipart\app\schedule\clean_tmpdir.js next time will execute after 70096573ms at 2019-12-31 04:30:00.002
2019-12-30 09:01:43,430 INFO 5104 [Timer] D:\vue\shopping\server\node_modules\egg-logrotator\app\schedule\clean_log.js next time will execute after 53896570ms at 2019-12-31 00:00:00.000
2019-12-30 09:01:43,430 INFO 5104 [Timer] D:\vue\shopping\server\node_modules\egg-logrotator\app\schedule\rotate_by_file.js next time will execute after 53897570ms at 2019-12-31 00:00:01.000
2019-12-30 21:19:45,751 INFO 14240 [egg-schedule]: register schedule D:\vue\shopping\server\node_modules\egg-multipart\app\schedule\clean_tmpdir.js
2019-12-30 21:19:45,751 INFO 14240 [egg-schedule]: register schedule D:\vue\shopping\server\node_modules\egg-logrotator\app\schedule\clean_log.js
2019-12-30 21:19:45,751 INFO 14240 [egg-schedule]: register schedule D:\vue\shopping\server\node_modules\egg-logrotator\app\schedule\rotate_by_file.js
2019-12-30 21:19:47,184 INFO 14756 [Timer] D:\vue\shopping\server\node_modules\egg-multipart\app\schedule\clean_tmpdir.js next time will execute after 25812820ms at 2019-12-31 04:30:00.004
2019-12-30 21:19:47,184 INFO 14756 [Timer] D:\vue\shopping\server\node_modules\egg-logrotator\app\schedule\clean_log.js next time will execute after 9612816ms at 2019-12-31 00:00:00.000
2019-12-30 21:19:47,184 INFO 14756 [Timer] D:\vue\shopping\server\node_modules\egg-logrotator\app\schedule\rotate_by_file.js next time will execute after 9613816ms at 2019-12-31 00:00:01.000
2019-12-31 08:24:30,647 INFO 5276 [egg-schedule]: register schedule D:\vue\shopping\server\node_modules\egg-multipart\app\schedule\clean_tmpdir.js
2019-12-31 08:24:30,647 INFO 5276 [egg-schedule]: register schedule D:\vue\shopping\server\node_modules\egg-logrotator\app\schedule\clean_log.js
2019-12-31 08:24:30,647 INFO 5276 [egg-schedule]: register schedule D:\vue\shopping\server\node_modules\egg-logrotator\app\schedule\rotate_by_file.js
2019-12-31 08:24:31,751 INFO 2028 [Timer] D:\vue\shopping\server\node_modules\egg-multipart\app\schedule\clean_tmpdir.js next time will execute after 72328253ms at 2020-01-01 04:30:00.004
2019-12-31 08:24:31,751 INFO 2028 [Timer] D:\vue\shopping\server\node_modules\egg-logrotator\app\schedule\clean_log.js next time will execute after 56128249ms at 2020-01-01 00:00:00.000
2019-12-31 08:24:31,752 INFO 2028 [Timer] D:\vue\shopping\server\node_modules\egg-logrotator\app\schedule\rotate_by_file.js next time will execute after 56129248ms at 2020-01-01 00:00:01.000
2019-12-31 08:54:16,673 INFO 5916 [egg-schedule]: register schedule D:\vue\shopping\server\node_modules\egg-multipart\app\schedule\clean_tmpdir.js
2019-12-31 08:54:16,673 INFO 5916 [egg-schedule]: register schedule D:\vue\shopping\server\node_modules\egg-logrotator\app\schedule\clean_log.js
2019-12-31 08:54:16,673 INFO 5916 [egg-schedule]: register schedule D:\vue\shopping\server\node_modules\egg-logrotator\app\schedule\rotate_by_file.js
2019-12-31 08:54:17,803 INFO 7852 [Timer] D:\vue\shopping\server\node_modules\egg-multipart\app\schedule\clean_tmpdir.js next time will execute after 70542200ms at 2020-01-01 04:30:00.003
2019-12-31 08:54:17,803 INFO 7852 [Timer] D:\vue\shopping\server\node_modules\egg-logrotator\app\schedule\clean_log.js next time will execute after 54342197ms at 2020-01-01 00:00:00.000
2019-12-31 08:54:17,804 INFO 7852 [Timer] D:\vue\shopping\server\node_modules\egg-logrotator\app\schedule\rotate_by_file.js next time will execute after 54343197ms at 2020-01-01 00:00:01.001
2020-01-01 12:14:48,458 INFO 8740 [egg-schedule]: register schedule D:\vue\shopping\server\node_modules\egg-multipart\app\schedule\clean_tmpdir.js
2020-01-01 12:14:48,458 INFO 8740 [egg-schedule]: register schedule D:\vue\shopping\server\node_modules\egg-logrotator\app\schedule\clean_log.js
2020-01-01 12:14:48,458 INFO 8740 [egg-schedule]: register schedule D:\vue\shopping\server\node_modules\egg-logrotator\app\schedule\rotate_by_file.js
2020-01-01 12:14:49,813 INFO 15992 [Timer] D:\vue\shopping\server\node_modules\egg-multipart\app\schedule\clean_tmpdir.js next time will execute after 58510191ms at 2020-01-02 04:30:00.004
2020-01-01 12:14:49,814 INFO 15992 [Timer] D:\vue\shopping\server\node_modules\egg-logrotator\app\schedule\clean_log.js next time will execute after 42310187ms at 2020-01-02 00:00:00.001
2020-01-01 12:14:49,814 INFO 15992 [Timer] D:\vue\shopping\server\node_modules\egg-logrotator\app\schedule\rotate_by_file.js next time will execute after 42311186ms at 2020-01-02 00:00:01.000
2020-01-01 12:14:50,005 INFO 7712 [egg-schedule]: register schedule D:\vue\shopping\server\node_modules\egg-multipart\app\schedule\clean_tmpdir.js
2020-01-01 12:14:50,005 INFO 7712 [egg-schedule]: register schedule D:\vue\shopping\server\node_modules\egg-logrotator\app\schedule\clean_log.js
2020-01-01 12:14:50,005 INFO 7712 [egg-schedule]: register schedule D:\vue\shopping\server\node_modules\egg-logrotator\app\schedule\rotate_by_file.js
2020-01-01 12:14:52,246 INFO 14504 [egg-schedule]: register schedule D:\vue\shopping\server\node_modules\egg-multipart\app\schedule\clean_tmpdir.js
2020-01-01 12:14:52,246 INFO 14504 [egg-schedule]: register schedule D:\vue\shopping\server\node_modules\egg-logrotator\app\schedule\clean_log.js
2020-01-01 12:14:52,246 INFO 14504 [egg-schedule]: register schedule D:\vue\shopping\server\node_modules\egg-logrotator\app\schedule\rotate_by_file.js
2020-01-01 15:01:49,371 INFO 4188 [egg-schedule]: register schedule D:\vue\shopping\server\node_modules\egg-multipart\app\schedule\clean_tmpdir.js
2020-01-01 15:01:49,371 INFO 4188 [egg-schedule]: register schedule D:\vue\shopping\server\node_modules\egg-logrotator\app\schedule\clean_log.js
2020-01-01 15:01:49,371 INFO 4188 [egg-schedule]: register schedule D:\vue\shopping\server\node_modules\egg-logrotator\app\schedule\rotate_by_file.js
2020-01-01 15:01:53,453 INFO 13608 [egg-schedule]: register schedule D:\vue\shopping\server\node_modules\egg-multipart\app\schedule\clean_tmpdir.js
2020-01-01 15:01:53,453 INFO 13608 [egg-schedule]: register schedule D:\vue\shopping\server\node_modules\egg-logrotator\app\schedule\clean_log.js
2020-01-01 15:01:53,454 INFO 13608 [egg-schedule]: register schedule D:\vue\shopping\server\node_modules\egg-logrotator\app\schedule\rotate_by_file.js
2020-01-01 16:03:04,170 INFO 1860 [egg-schedule]: register schedule D:\vue\shopping\server\node_modules\egg-multipart\app\schedule\clean_tmpdir.js
2020-01-01 16:03:04,170 INFO 1860 [egg-schedule]: register schedule D:\vue\shopping\server\node_modules\egg-logrotator\app\schedule\clean_log.js
2020-01-01 16:03:04,170 INFO 1860 [egg-schedule]: register schedule D:\vue\shopping\server\node_modules\egg-logrotator\app\schedule\rotate_by_file.js
2020-01-01 16:03:08,273 INFO 12440 [egg-schedule]: register schedule D:\vue\shopping\server\node_modules\egg-multipart\app\schedule\clean_tmpdir.js
2020-01-01 16:03:08,273 INFO 12440 [egg-schedule]: register schedule D:\vue\shopping\server\node_modules\egg-logrotator\app\schedule\clean_log.js
2020-01-01 16:03:08,273 INFO 12440 [egg-schedule]: register schedule D:\vue\shopping\server\node_modules\egg-logrotator\app\schedule\rotate_by_file.js
2020-01-01 19:28:21,938 INFO 17384 [egg-schedule]: register schedule D:\vue\shopping\server\node_modules\egg-multipart\app\schedule\clean_tmpdir.js
2020-01-01 19:28:21,938 INFO 17384 [egg-schedule]: register schedule D:\vue\shopping\server\node_modules\egg-logrotator\app\schedule\clean_log.js
2020-01-01 19:28:21,938 INFO 17384 [egg-schedule]: register schedule D:\vue\shopping\server\node_modules\egg-logrotator\app\schedule\rotate_by_file.js
2020-01-01 19:28:23,884 INFO 500 [Timer] D:\vue\shopping\server\node_modules\egg-multipart\app\schedule\clean_tmpdir.js next time will execute after 32496119ms at 2020-01-02 04:30:00.003
2020-01-01 19:28:23,885 INFO 500 [Timer] D:\vue\shopping\server\node_modules\egg-logrotator\app\schedule\clean_log.js next time will execute after 16296115ms at 2020-01-02 00:00:00.000
2020-01-01 19:28:23,885 INFO 500 [Timer] D:\vue\shopping\server\node_modules\egg-logrotator\app\schedule\rotate_by_file.js next time will execute after 16297115ms at 2020-01-02 00:00:01.000
2020-01-02 08:47:13,246 INFO 5732 [egg-schedule]: register schedule D:\vue\shopping\server\node_modules\egg-multipart\app\schedule\clean_tmpdir.js
2020-01-02 08:47:13,246 INFO 5732 [egg-schedule]: register schedule D:\vue\shopping\server\node_modules\egg-logrotator\app\schedule\clean_log.js
2020-01-02 08:47:13,246 INFO 5732 [egg-schedule]: register schedule D:\vue\shopping\server\node_modules\egg-logrotator\app\schedule\rotate_by_file.js
2020-01-02 08:47:14,240 INFO 4788 [Timer] D:\vue\shopping\server\node_modules\egg-multipart\app\schedule\clean_tmpdir.js next time will execute after 70965762ms at 2020-01-03 04:30:00.002
2020-01-02 08:47:14,241 INFO 4788 [Timer] D:\vue\shopping\server\node_modules\egg-logrotator\app\schedule\clean_log.js next time will execute after 54765760ms at 2020-01-03 00:00:00.001
2020-01-02 08:47:14,241 INFO 4788 [Timer] D:\vue\shopping\server\node_modules\egg-logrotator\app\schedule\rotate_by_file.js next time will execute after 54766759ms at 2020-01-03 00:00:01.000
2020-01-03 08:32:17,122 INFO 7504 [egg-schedule]: register schedule D:\vue\shopping\server\node_modules\egg-multipart\app\schedule\clean_tmpdir.js
2020-01-03 08:32:17,122 INFO 7504 [egg-schedule]: register schedule D:\vue\shopping\server\node_modules\egg-logrotator\app\schedule\clean_log.js
2020-01-03 08:32:17,122 INFO 7504 [egg-schedule]: register schedule D:\vue\shopping\server\node_modules\egg-logrotator\app\schedule\rotate_by_file.js
2020-01-03 08:32:18,303 INFO 7400 [Timer] D:\vue\shopping\server\node_modules\egg-multipart\app\schedule\clean_tmpdir.js next time will execute after 71861700ms at 2020-01-04 04:30:00.003
2020-01-03 08:32:18,303 INFO 7400 [Timer] D:\vue\shopping\server\node_modules\egg-logrotator\app\schedule\clean_log.js next time will execute after 55661697ms at 2020-01-04 00:00:00.000
2020-01-03 08:32:18,303 INFO 7400 [Timer] D:\vue\shopping\server\node_modules\egg-logrotator\app\schedule\rotate_by_file.js next time will execute after 55662697ms at 2020-01-04 00:00:01.000
2020-01-03 16:57:38,373 INFO 1392 [egg-schedule]: register schedule D:\vue\shopping\server\node_modules\egg-multipart\app\schedule\clean_tmpdir.js
2020-01-03 16:57:38,373 INFO 1392 [egg-schedule]: register schedule D:\vue\shopping\server\node_modules\egg-logrotator\app\schedule\clean_log.js
2020-01-03 16:57:38,373 INFO 1392 [egg-schedule]: register schedule D:\vue\shopping\server\node_modules\egg-logrotator\app\schedule\rotate_by_file.js
2020-01-03 16:57:39,536 INFO 4788 [Timer] D:\vue\shopping\server\node_modules\egg-multipart\app\schedule\clean_tmpdir.js next time will execute after 41540466ms at 2020-01-04 04:30:00.002
2020-01-03 16:57:39,536 INFO 4788 [Timer] D:\vue\shopping\server\node_modules\egg-logrotator\app\schedule\clean_log.js next time will execute after 25340464ms at 2020-01-04 00:00:00.000
2020-01-03 16:57:39,536 INFO 4788 [Timer] D:\vue\shopping\server\node_modules\egg-logrotator\app\schedule\rotate_by_file.js next time will execute after 25341464ms at 2020-01-04 00:00:01.000
2020-01-05 11:15:29,952 INFO 17580 [egg-schedule]: register schedule D:\vue\shopping\server\node_modules\egg-multipart\app\schedule\clean_tmpdir.js
2020-01-05 11:15:29,952 INFO 17580 [egg-schedule]: register schedule D:\vue\shopping\server\node_modules\egg-logrotator\app\schedule\clean_log.js
2020-01-05 11:15:29,952 INFO 17580 [egg-schedule]: register schedule D:\vue\shopping\server\node_modules\egg-logrotator\app\schedule\rotate_by_file.js
2020-01-05 11:15:31,527 INFO 7040 [Timer] D:\vue\shopping\server\node_modules\egg-multipart\app\schedule\clean_tmpdir.js next time will execute after 62068477ms at 2020-01-06 04:30:00.004
2020-01-05 11:15:31,528 INFO 7040 [Timer] D:\vue\shopping\server\node_modules\egg-logrotator\app\schedule\clean_log.js next time will execute after 45868473ms at 2020-01-06 00:00:00.001
2020-01-05 11:15:31,528 INFO 7040 [Timer] D:\vue\shopping\server\node_modules\egg-logrotator\app\schedule\rotate_by_file.js next time will execute after 45869472ms at 2020-01-06 00:00:01.000
2020-01-05 13:39:24,257 INFO 16392 [egg-schedule]: register schedule D:\vue\shopping\server\node_modules\egg-multipart\app\schedule\clean_tmpdir.js
2020-01-05 13:39:24,257 INFO 16392 [egg-schedule]: register schedule D:\vue\shopping\server\node_modules\egg-logrotator\app\schedule\clean_log.js
2020-01-05 13:39:24,257 INFO 16392 [egg-schedule]: register schedule D:\vue\shopping\server\node_modules\egg-logrotator\app\schedule\rotate_by_file.js
2020-01-05 14:39:24,345 INFO 18848 [egg-schedule]: register schedule D:\vue\shopping\server\node_modules\egg-multipart\app\schedule\clean_tmpdir.js
2020-01-05 14:39:24,345 INFO 18848 [egg-schedule]: register schedule D:\vue\shopping\server\node_modules\egg-logrotator\app\schedule\clean_log.js
2020-01-05 14:39:24,345 INFO 18848 [egg-schedule]: register schedule D:\vue\shopping\server\node_modules\egg-logrotator\app\schedule\rotate_by_file.js
2020-01-05 14:39:28,027 INFO 17028 [egg-schedule]: register schedule D:\vue\shopping\server\node_modules\egg-multipart\app\schedule\clean_tmpdir.js
2020-01-05 14:39:28,027 INFO 17028 [egg-schedule]: register schedule D:\vue\shopping\server\node_modules\egg-logrotator\app\schedule\clean_log.js
2020-01-05 14:39:28,027 INFO 17028 [egg-schedule]: register schedule D:\vue\shopping\server\node_modules\egg-logrotator\app\schedule\rotate_by_file.js
2020-01-05 15:53:12,888 INFO 11372 [egg-schedule]: register schedule D:\vue\shopping\server\node_modules\egg-multipart\app\schedule\clean_tmpdir.js
2020-01-05 15:53:12,889 INFO 11372 [egg-schedule]: register schedule D:\vue\shopping\server\node_modules\egg-logrotator\app\schedule\clean_log.js
2020-01-05 15:53:12,889 INFO 11372 [egg-schedule]: register schedule D:\vue\shopping\server\node_modules\egg-logrotator\app\schedule\rotate_by_file.js
2020-01-05 16:53:13,267 INFO 13308 [egg-schedule]: register schedule D:\vue\shopping\server\node_modules\egg-multipart\app\schedule\clean_tmpdir.js
2020-01-05 16:53:13,267 INFO 13308 [egg-schedule]: register schedule D:\vue\shopping\server\node_modules\egg-logrotator\app\schedule\clean_log.js
2020-01-05 16:53:13,267 INFO 13308 [egg-schedule]: register schedule D:\vue\shopping\server\node_modules\egg-logrotator\app\schedule\rotate_by_file.js
2020-01-05 16:53:17,746 INFO 20368 [egg-schedule]: register schedule D:\vue\shopping\server\node_modules\egg-multipart\app\schedule\clean_tmpdir.js
2020-01-05 16:53:17,746 INFO 20368 [egg-schedule]: register schedule D:\vue\shopping\server\node_modules\egg-logrotator\app\schedule\clean_log.js
2020-01-05 16:53:17,746 INFO 20368 [egg-schedule]: register schedule D:\vue\shopping\server\node_modules\egg-logrotator\app\schedule\rotate_by_file.js
2020-01-05 18:23:41,079 INFO 19216 [egg-schedule]: register schedule D:\vue\shopping\server\node_modules\egg-multipart\app\schedule\clean_tmpdir.js
2020-01-05 18:23:41,079 INFO 19216 [egg-schedule]: register schedule D:\vue\shopping\server\node_modules\egg-logrotator\app\schedule\clean_log.js
2020-01-05 18:23:41,079 INFO 19216 [egg-schedule]: register schedule D:\vue\shopping\server\node_modules\egg-logrotator\app\schedule\rotate_by_file.js
2020-01-05 18:38:07,955 INFO 11156 [egg-schedule]: register schedule D:\vue\shopping\server\node_modules\egg-multipart\app\schedule\clean_tmpdir.js
2020-01-05 18:38:07,955 INFO 11156 [egg-schedule]: register schedule D:\vue\shopping\server\node_modules\egg-logrotator\app\schedule\clean_log.js
2020-01-05 18:38:07,955 INFO 11156 [egg-schedule]: register schedule D:\vue\shopping\server\node_modules\egg-logrotator\app\schedule\rotate_by_file.js
2020-01-05 19:26:08,233 INFO 17492 [egg-schedule]: register schedule D:\vue\shopping\server\node_modules\egg-multipart\app\schedule\clean_tmpdir.js
2020-01-05 19:26:08,233 INFO 17492 [egg-schedule]: register schedule D:\vue\shopping\server\node_modules\egg-logrotator\app\schedule\clean_log.js
2020-01-05 19:26:08,233 INFO 17492 [egg-schedule]: register schedule D:\vue\shopping\server\node_modules\egg-logrotator\app\schedule\rotate_by_file.js
2020-01-05 19:53:07,786 INFO 18204 [egg-schedule]: register schedule D:\vue\shopping\server\node_modules\egg-multipart\app\schedule\clean_tmpdir.js
2020-01-05 19:53:07,786 INFO 18204 [egg-schedule]: register schedule D:\vue\shopping\server\node_modules\egg-logrotator\app\schedule\clean_log.js
2020-01-05 19:53:07,786 INFO 18204 [egg-schedule]: register schedule D:\vue\shopping\server\node_modules\egg-logrotator\app\schedule\rotate_by_file.js
2020-01-05 20:26:54,187 INFO 8596 [egg-schedule]: register schedule D:\vue\shopping\server\node_modules\egg-multipart\app\schedule\clean_tmpdir.js
2020-01-05 20:26:54,187 INFO 8596 [egg-schedule]: register schedule D:\vue\shopping\server\node_modules\egg-logrotator\app\schedule\clean_log.js
2020-01-05 20:26:54,187 INFO 8596 [egg-schedule]: register schedule D:\vue\shopping\server\node_modules\egg-logrotator\app\schedule\rotate_by_file.js
2020-01-05 21:30:38,684 INFO 18360 [egg-schedule]: register schedule D:\vue\shopping\server\node_modules\egg-multipart\app\schedule\clean_tmpdir.js
2020-01-05 21:30:38,684 INFO 18360 [egg-schedule]: register schedule D:\vue\shopping\server\node_modules\egg-logrotator\app\schedule\clean_log.js
2020-01-05 21:30:38,684 INFO 18360 [egg-schedule]: register schedule D:\vue\shopping\server\node_modules\egg-logrotator\app\schedule\rotate_by_file.js
2020-01-05 21:30:42,989 INFO 2732 [egg-schedule]: register schedule D:\vue\shopping\server\node_modules\egg-multipart\app\schedule\clean_tmpdir.js
2020-01-05 21:30:42,989 INFO 2732 [egg-schedule]: register schedule D:\vue\shopping\server\node_modules\egg-logrotator\app\schedule\clean_log.js
2020-01-05 21:30:42,989 INFO 2732 [egg-schedule]: register schedule D:\vue\shopping\server\node_modules\egg-logrotator\app\schedule\rotate_by_file.js
2020-01-05 21:38:29,637 INFO 6384 [egg-schedule]: register schedule D:\vue\shopping\server\node_modules\egg-multipart\app\schedule\clean_tmpdir.js
2020-01-05 21:38:29,637 INFO 6384 [egg-schedule]: register schedule D:\vue\shopping\server\node_modules\egg-logrotator\app\schedule\clean_log.js
2020-01-05 21:38:29,637 INFO 6384 [egg-schedule]: register schedule D:\vue\shopping\server\node_modules\egg-logrotator\app\schedule\rotate_by_file.js
2020-01-05 21:38:31,470 INFO 8016 [Timer] D:\vue\shopping\server\node_modules\egg-multipart\app\schedule\clean_tmpdir.js next time will execute after 24688533ms at 2020-01-06 04:30:00.003
2020-01-05 21:38:31,471 INFO 8016 [Timer] D:\vue\shopping\server\node_modules\egg-logrotator\app\schedule\clean_log.js next time will execute after 8488530ms at 2020-01-06 00:00:00.001
2020-01-05 21:38:31,471 INFO 8016 [Timer] D:\vue\shopping\server\node_modules\egg-logrotator\app\schedule\rotate_by_file.js next time will execute after 8489529ms at 2020-01-06 00:00:01.000
2020-01-06 08:41:19,149 INFO 5936 [egg-schedule]: register schedule D:\vue\shopping\server\node_modules\egg-multipart\app\schedule\clean_tmpdir.js
2020-01-06 08:41:19,150 INFO 5936 [egg-schedule]: register schedule D:\vue\shopping\server\node_modules\egg-logrotator\app\schedule\clean_log.js
2020-01-06 08:41:19,150 INFO 5936 [egg-schedule]: register schedule D:\vue\shopping\server\node_modules\egg-logrotator\app\schedule\rotate_by_file.js
2020-01-06 08:41:20,240 INFO 6056 [Timer] D:\vue\shopping\server\node_modules\egg-multipart\app\schedule\clean_tmpdir.js next time will execute after 71319763ms at 2020-01-07 04:30:00.003
2020-01-06 08:41:20,240 INFO 6056 [Timer] D:\vue\shopping\server\node_modules\egg-logrotator\app\schedule\clean_log.js next time will execute after 55119760ms at 2020-01-07 00:00:00.000
2020-01-06 08:41:20,241 INFO 6056 [Timer] D:\vue\shopping\server\node_modules\egg-logrotator\app\schedule\rotate_by_file.js next time will execute after 55120760ms at 2020-01-07 00:00:01.000
2020-01-06 21:21:13,574 INFO 13164 [egg-schedule]: register schedule D:\vue\shopping\server\node_modules\egg-multipart\app\schedule\clean_tmpdir.js
2020-01-06 21:21:13,574 INFO 13164 [egg-schedule]: register schedule D:\vue\shopping\server\node_modules\egg-logrotator\app\schedule\clean_log.js
2020-01-06 21:21:13,574 INFO 13164 [egg-schedule]: register schedule D:\vue\shopping\server\node_modules\egg-logrotator\app\schedule\rotate_by_file.js
2020-01-06 21:21:14,890 INFO 9848 [Timer] D:\vue\shopping\server\node_modules\egg-multipart\app\schedule\clean_tmpdir.js next time will execute after 25725113ms at 2020-01-07 04:30:00.003
2020-01-06 21:21:14,891 INFO 9848 [Timer] D:\vue\shopping\server\node_modules\egg-logrotator\app\schedule\clean_log.js next time will execute after 9525110ms at 2020-01-07 00:00:00.000
2020-01-06 21:21:14,891 INFO 9848 [Timer] D:\vue\shopping\server\node_modules\egg-logrotator\app\schedule\rotate_by_file.js next time will execute after 9526109ms at 2020-01-07 00:00:01.000
2020-01-07 08:48:04,927 INFO 7348 [egg-schedule]: register schedule D:\vue\shopping\server\node_modules\egg-multipart\app\schedule\clean_tmpdir.js
2020-01-07 08:48:04,927 INFO 7348 [egg-schedule]: register schedule D:\vue\shopping\server\node_modules\egg-logrotator\app\schedule\clean_log.js
2020-01-07 08:48:04,927 INFO 7348 [egg-schedule]: register schedule D:\vue\shopping\server\node_modules\egg-logrotator\app\schedule\rotate_by_file.js
2020-01-07 08:48:06,039 INFO 7196 [Timer] D:\vue\shopping\server\node_modules\egg-multipart\app\schedule\clean_tmpdir.js next time will execute after 70913965ms at 2020-01-08 04:30:00.004
2020-01-07 08:48:06,040 INFO 7196 [Timer] D:\vue\shopping\server\node_modules\egg-logrotator\app\schedule\clean_log.js next time will execute after 54713961ms at 2020-01-08 00:00:00.001
2020-01-07 08:48:06,040 INFO 7196 [Timer] D:\vue\shopping\server\node_modules\egg-logrotator\app\schedule\rotate_by_file.js next time will execute after 54714960ms at 2020-01-08 00:00:01.000
2020-01-08 08:37:16,488 INFO 5664 [egg-schedule]: register schedule D:\vue\shopping\server\node_modules\egg-multipart\app\schedule\clean_tmpdir.js
2020-01-08 08:37:16,488 INFO 5664 [egg-schedule]: register schedule D:\vue\shopping\server\node_modules\egg-logrotator\app\schedule\clean_log.js
2020-01-08 08:37:16,488 INFO 5664 [egg-schedule]: register schedule D:\vue\shopping\server\node_modules\egg-logrotator\app\schedule\rotate_by_file.js
2020-01-08 08:37:17,573 INFO 5360 [Timer] D:\vue\shopping\server\node_modules\egg-multipart\app\schedule\clean_tmpdir.js next time will execute after 71562429ms at 2020-01-09 04:30:00.002
2020-01-08 08:37:17,573 INFO 5360 [Timer] D:\vue\shopping\server\node_modules\egg-logrotator\app\schedule\clean_log.js next time will execute after 55362427ms at 2020-01-09 00:00:00.000
2020-01-08 08:37:17,573 INFO 5360 [Timer] D:\vue\shopping\server\node_modules\egg-logrotator\app\schedule\rotate_by_file.js next time will execute after 55363427ms at 2020-01-09 00:00:01.000
2020-01-09 08:34:51,819 INFO 6184 [egg-schedule]: register schedule D:\vue\shopping\server\node_modules\egg-multipart\app\schedule\clean_tmpdir.js
2020-01-09 08:34:51,819 INFO 6184 [egg-schedule]: register schedule D:\vue\shopping\server\node_modules\egg-logrotator\app\schedule\clean_log.js
2020-01-09 08:34:51,819 INFO 6184 [egg-schedule]: register schedule D:\vue\shopping\server\node_modules\egg-logrotator\app\schedule\rotate_by_file.js
2020-01-09 08:34:52,781 INFO 5200 [Timer] D:\vue\shopping\server\node_modules\egg-multipart\app\schedule\clean_tmpdir.js next time will execute after 71707222ms at 2020-01-10 04:30:00.003
2020-01-09 08:34:52,782 INFO 5200 [Timer] D:\vue\shopping\server\node_modules\egg-logrotator\app\schedule\clean_log.js next time will execute after 55507219ms at 2020-01-10 00:00:00.001
2020-01-09 08:34:52,782 INFO 5200 [Timer] D:\vue\shopping\server\node_modules\egg-logrotator\app\schedule\rotate_by_file.js next time will execute after 55508218ms at 2020-01-10 00:00:01.000
