2019-04-26 21:53:24,588 INFO 12066 [egg:logger] init all loggers with options: {"dir":"/Users/lp1/Downloads/Vue-shopping-master/egg/logs/server","encoding":"utf8","env":"local","level":"INFO","consoleLevel":"INFO","disableConsoleAfterReady":false,"outputJSON":false,"buffer":true,"appLogName":"server-web.log","coreLogName":"egg-web.log","agentLogName":"egg-agent.log","errorLogName":"common-error.log","coreLogger":{"consoleLevel":"WARN"},"allowDebugAtProd":false,"type":"application"}
2019-04-26 21:53:24,620 INFO 12066 [egg-multipart] stream mode enable
2019-04-26 21:53:24,844 INFO 12066 [egg-mongoose] connecting mongodb://127.0.0.1/shoppingMall
2019-04-26 21:53:25,038 INFO 12066 [egg-static] starting static serve /public/ -> /Users/lp1/Downloads/Vue-shopping-master/egg/app/public
2019-04-26 21:53:25,040 INFO 12066 [egg-security] use methodnoallow middleware
2019-04-26 21:53:25,040 INFO 12066 [egg-security] use noopen middleware
2019-04-26 21:53:25,041 INFO 12066 [egg-security] use nosniff middleware
2019-04-26 21:53:25,041 INFO 12066 [egg-security] use xssProtection middleware
2019-04-26 21:53:25,041 INFO 12066 [egg-security] use xframe middleware
2019-04-26 21:53:25,042 INFO 12066 [egg-security] use dta middleware
2019-04-26 21:53:25,042 INFO 12066 [egg-security] compose 6 middlewares into one security middleware
2019-04-26 21:53:25,054 INFO 12066 [egg:core] dump config after load, 4ms
2019-04-26 21:53:25,056 INFO 12066 [egg-mongoose] starting...
2019-04-26 21:53:25,103 INFO 12066 [egg-watcher:application] watcher start success
2019-04-26 21:53:25,106 INFO 12066 [egg-mongoose] mongodb://127.0.0.1/shoppingMall connected successfully
2019-04-26 21:53:25,113 INFO 12066 [egg-mongoose] instance[0] start successfully
2019-04-26 21:53:25,122 INFO 12066 [egg:core] dump config after ready, 7ms
2019-04-27 08:36:27,825 INFO 6732 [egg:logger] init all loggers with options: {"dir":"C:\\Users\\Administrator\\Desktop\\shop\\server\\logs\\server","encoding":"utf8","env":"local","level":"INFO","consoleLevel":"INFO","disableConsoleAfterReady":false,"outputJSON":false,"buffer":true,"appLogName":"server-web.log","coreLogName":"egg-web.log","agentLogName":"egg-agent.log","errorLogName":"common-error.log","coreLogger":{"consoleLevel":"WARN"},"allowDebugAtProd":false,"type":"application"}
2019-04-27 08:36:27,870 INFO 6732 [egg-multipart] stream mode enable
2019-04-27 08:36:28,159 INFO 6732 [egg-mongoose] connecting mongodb://127.0.0.1/shoppingMall
2019-04-27 08:36:28,444 INFO 6732 [egg-static] starting static serve /public/ -> C:\Users\Administrator\Desktop\shop\server\app\public
2019-04-27 08:36:28,447 INFO 6732 [egg-security] use methodnoallow middleware
2019-04-27 08:36:28,448 INFO 6732 [egg-security] use noopen middleware
2019-04-27 08:36:28,449 INFO 6732 [egg-security] use nosniff middleware
2019-04-27 08:36:28,449 INFO 6732 [egg-security] use xssProtection middleware
2019-04-27 08:36:28,451 INFO 6732 [egg-security] use xframe middleware
2019-04-27 08:36:28,452 INFO 6732 [egg-security] use dta middleware
2019-04-27 08:36:28,452 INFO 6732 [egg-security] compose 6 middlewares into one security middleware
2019-04-27 08:36:28,472 INFO 6732 [egg:core] dump config after load, 5ms
2019-04-27 08:36:28,475 INFO 6732 [egg-mongoose] starting...
2019-04-27 08:36:28,514 INFO 6732 [egg-mongoose] mongodb://127.0.0.1/shoppingMall connected successfully
2019-04-27 08:36:28,522 INFO 6732 [egg-mongoose] instance[0] start successfully
2019-04-27 08:36:28,524 INFO 6732 [egg-watcher:application] watcher start success
2019-04-27 08:36:28,531 INFO 6732 [egg:core] dump config after ready, 6ms
2019-04-27 10:25:49,253 INFO 3124 [egg:logger] init all loggers with options: {"dir":"C:\\Users\\Administrator\\Desktop\\shop\\server\\logs\\server","encoding":"utf8","env":"local","level":"INFO","consoleLevel":"INFO","disableConsoleAfterReady":false,"outputJSON":false,"buffer":true,"appLogName":"server-web.log","coreLogName":"egg-web.log","agentLogName":"egg-agent.log","errorLogName":"common-error.log","coreLogger":{"consoleLevel":"WARN"},"allowDebugAtProd":false,"type":"application"}
2019-04-27 10:25:49,290 INFO 3124 [egg-multipart] stream mode enable
2019-04-27 10:25:49,771 INFO 3124 [egg-mongoose] connecting mongodb://127.0.0.1/shoppingMall
2019-04-27 10:25:50,103 INFO 3124 [egg-static] starting static serve /public/ -> C:\Users\Administrator\Desktop\shop\server\app\public
2019-04-27 10:25:50,106 INFO 3124 [egg-security] use methodnoallow middleware
2019-04-27 10:25:50,106 INFO 3124 [egg-security] use noopen middleware
2019-04-27 10:25:50,107 INFO 3124 [egg-security] use nosniff middleware
2019-04-27 10:25:50,108 INFO 3124 [egg-security] use xssProtection middleware
2019-04-27 10:25:50,109 INFO 3124 [egg-security] use xframe middleware
2019-04-27 10:25:50,110 INFO 3124 [egg-security] use dta middleware
2019-04-27 10:25:50,110 INFO 3124 [egg-security] compose 6 middlewares into one security middleware
2019-04-27 10:25:50,132 INFO 3124 [egg:core] dump config after load, 8ms
2019-04-27 10:25:50,136 INFO 3124 [egg-mongoose] starting...
2019-04-27 10:25:50,176 INFO 3124 [egg-mongoose] mongodb://127.0.0.1/shoppingMall connected successfully
2019-04-27 10:25:50,183 INFO 3124 [egg-mongoose] instance[0] start successfully
2019-04-27 10:25:50,188 INFO 3124 [egg-watcher:application] watcher start success
2019-04-27 10:25:50,198 INFO 3124 [egg:core] dump config after ready, 8ms
2019-04-30 13:56:42,538 INFO 7004 [egg:logger] init all loggers with options: {"dir":"C:\\Users\\Administrator\\Desktop\\shop\\server\\logs\\server","encoding":"utf8","env":"local","level":"INFO","consoleLevel":"INFO","disableConsoleAfterReady":false,"outputJSON":false,"buffer":true,"appLogName":"server-web.log","coreLogName":"egg-web.log","agentLogName":"egg-agent.log","errorLogName":"common-error.log","coreLogger":{"consoleLevel":"WARN"},"allowDebugAtProd":false,"type":"application"}
2019-04-30 13:56:42,574 INFO 7004 [egg-multipart] stream mode enable
2019-04-30 13:56:42,879 INFO 7004 [egg-mongoose] connecting mongodb://127.0.0.1/shoppingMall
2019-04-30 13:56:43,116 INFO 7004 [egg-static] starting static serve /public/ -> C:\Users\Administrator\Desktop\shop\server\app\public
2019-04-30 13:56:43,119 INFO 7004 [egg-security] use methodnoallow middleware
2019-04-30 13:56:43,119 INFO 7004 [egg-security] use noopen middleware
2019-04-30 13:56:43,120 INFO 7004 [egg-security] use nosniff middleware
2019-04-30 13:56:43,121 INFO 7004 [egg-security] use xssProtection middleware
2019-04-30 13:56:43,121 INFO 7004 [egg-security] use xframe middleware
2019-04-30 13:56:43,121 INFO 7004 [egg-security] use dta middleware
2019-04-30 13:56:43,121 INFO 7004 [egg-security] compose 6 middlewares into one security middleware
2019-04-30 13:56:43,339 INFO 7004 [egg:core] dump config after load, 25ms
2019-04-30 13:56:43,347 INFO 7004 [egg-mongoose] starting...
2019-04-30 13:56:43,402 INFO 7004 [egg-watcher:application] watcher start success
2019-04-30 13:56:43,517 INFO 7004 [egg-mongoose] mongodb://127.0.0.1/shoppingMall connected successfully
2019-04-30 13:56:43,538 INFO 7004 [egg-mongoose] instance[0] start successfully
2019-04-30 13:56:43,555 INFO 7004 [egg:core] dump config after ready, 12ms
2019-04-30 14:03:27,941 INFO 1108 [egg:logger] init all loggers with options: {"dir":"C:\\Users\\Administrator\\Desktop\\shop\\server\\logs\\server","encoding":"utf8","env":"local","level":"INFO","consoleLevel":"INFO","disableConsoleAfterReady":false,"outputJSON":false,"buffer":true,"appLogName":"server-web.log","coreLogName":"egg-web.log","agentLogName":"egg-agent.log","errorLogName":"common-error.log","coreLogger":{"consoleLevel":"WARN"},"allowDebugAtProd":false,"type":"application"}
2019-04-30 14:03:27,982 INFO 1108 [egg-multipart] stream mode enable
2019-04-30 14:03:28,494 INFO 1108 [egg-mongoose] connecting mongodb://127.0.0.1/shoppingMall
2019-04-30 14:03:28,868 INFO 1108 [egg-static] starting static serve /public/ -> C:\Users\Administrator\Desktop\shop\server\app\public
2019-04-30 14:03:28,871 INFO 1108 [egg-security] use methodnoallow middleware
2019-04-30 14:03:28,872 INFO 1108 [egg-security] use noopen middleware
2019-04-30 14:03:28,873 INFO 1108 [egg-security] use nosniff middleware
2019-04-30 14:03:28,874 INFO 1108 [egg-security] use xssProtection middleware
2019-04-30 14:03:28,875 INFO 1108 [egg-security] use xframe middleware
2019-04-30 14:03:28,875 INFO 1108 [egg-security] use dta middleware
2019-04-30 14:03:28,875 INFO 1108 [egg-security] compose 6 middlewares into one security middleware
2019-04-30 14:03:28,898 INFO 1108 [egg:core] dump config after load, 5ms
2019-04-30 14:03:28,901 INFO 1108 [egg-mongoose] starting...
2019-04-30 14:03:28,938 INFO 1108 [egg-mongoose] mongodb://127.0.0.1/shoppingMall connected successfully
2019-04-30 14:03:28,945 INFO 1108 [egg-mongoose] instance[0] start successfully
2019-04-30 14:03:28,948 INFO 1108 [egg-watcher:application] watcher start success
2019-04-30 14:03:28,958 INFO 1108 [egg:core] dump config after ready, 7ms
2019-04-30 15:00:05,761 INFO 6380 [egg:logger] init all loggers with options: {"dir":"C:\\Users\\Administrator\\Desktop\\shop\\server\\logs\\server","encoding":"utf8","env":"local","level":"INFO","consoleLevel":"INFO","disableConsoleAfterReady":false,"outputJSON":false,"buffer":true,"appLogName":"server-web.log","coreLogName":"egg-web.log","agentLogName":"egg-agent.log","errorLogName":"common-error.log","coreLogger":{"consoleLevel":"WARN"},"allowDebugAtProd":false,"type":"application"}
2019-04-30 15:00:05,801 INFO 6380 [egg-multipart] stream mode enable
2019-04-30 15:00:06,250 INFO 6380 [egg-mongoose] connecting mongodb://127.0.0.1/shoppingMall
2019-04-30 15:00:06,600 INFO 6380 [egg-static] starting static serve /public/ -> C:\Users\Administrator\Desktop\shop\server\app\public
2019-04-30 15:00:06,603 INFO 6380 [egg-security] use methodnoallow middleware
2019-04-30 15:00:06,603 INFO 6380 [egg-security] use noopen middleware
2019-04-30 15:00:06,604 INFO 6380 [egg-security] use nosniff middleware
2019-04-30 15:00:06,605 INFO 6380 [egg-security] use xssProtection middleware
2019-04-30 15:00:06,605 INFO 6380 [egg-security] use xframe middleware
2019-04-30 15:00:06,606 INFO 6380 [egg-security] use dta middleware
2019-04-30 15:00:06,606 INFO 6380 [egg-security] compose 6 middlewares into one security middleware
2019-04-30 15:00:06,632 INFO 6380 [egg:core] dump config after load, 6ms
2019-04-30 15:00:06,635 INFO 6380 [egg-mongoose] starting...
2019-04-30 15:00:06,674 INFO 6380 [egg-mongoose] mongodb://127.0.0.1/shoppingMall connected successfully
2019-04-30 15:00:06,681 INFO 6380 [egg-mongoose] instance[0] start successfully
2019-04-30 15:00:06,686 INFO 6380 [egg-watcher:application] watcher start success
2019-04-30 15:00:06,693 INFO 6380 [egg:core] dump config after ready, 5ms
2019-04-30 15:01:10,396 INFO 6940 [egg:logger] init all loggers with options: {"dir":"C:\\Users\\Administrator\\Desktop\\shop\\server\\logs\\server","encoding":"utf8","env":"local","level":"INFO","consoleLevel":"INFO","disableConsoleAfterReady":false,"outputJSON":false,"buffer":true,"appLogName":"server-web.log","coreLogName":"egg-web.log","agentLogName":"egg-agent.log","errorLogName":"common-error.log","coreLogger":{"consoleLevel":"WARN"},"allowDebugAtProd":false,"type":"application"}
2019-04-30 15:01:10,434 INFO 6940 [egg-multipart] stream mode enable
2019-04-30 15:01:10,738 INFO 6940 [egg-mongoose] connecting mongodb://127.0.0.1/shoppingMall
2019-04-30 15:01:11,030 INFO 6940 [egg-static] starting static serve /public/ -> C:\Users\Administrator\Desktop\shop\server\app\public
2019-04-30 15:01:11,033 INFO 6940 [egg-security] use methodnoallow middleware
2019-04-30 15:01:11,034 INFO 6940 [egg-security] use noopen middleware
2019-04-30 15:01:11,035 INFO 6940 [egg-security] use nosniff middleware
2019-04-30 15:01:11,036 INFO 6940 [egg-security] use xssProtection middleware
2019-04-30 15:01:11,036 INFO 6940 [egg-security] use xframe middleware
2019-04-30 15:01:11,037 INFO 6940 [egg-security] use dta middleware
2019-04-30 15:01:11,037 INFO 6940 [egg-security] compose 6 middlewares into one security middleware
2019-04-30 15:01:11,070 INFO 6940 [egg:core] dump config after load, 8ms
2019-04-30 15:01:11,073 INFO 6940 [egg-mongoose] starting...
2019-04-30 15:01:11,119 INFO 6940 [egg-mongoose] mongodb://127.0.0.1/shoppingMall connected successfully
2019-04-30 15:01:11,127 INFO 6940 [egg-mongoose] instance[0] start successfully
2019-04-30 15:01:11,132 INFO 6940 [egg-watcher:application] watcher start success
2019-04-30 15:01:11,141 INFO 6940 [egg:core] dump config after ready, 7ms
2019-04-30 15:10:23,263 INFO 1588 [egg:logger] init all loggers with options: {"dir":"C:\\Users\\Administrator\\Desktop\\shop\\server\\logs\\server","encoding":"utf8","env":"local","level":"INFO","consoleLevel":"INFO","disableConsoleAfterReady":false,"outputJSON":false,"buffer":true,"appLogName":"server-web.log","coreLogName":"egg-web.log","agentLogName":"egg-agent.log","errorLogName":"common-error.log","coreLogger":{"consoleLevel":"WARN"},"allowDebugAtProd":false,"type":"application"}
2019-04-30 15:10:23,301 INFO 1588 [egg-multipart] stream mode enable
2019-04-30 15:10:23,661 INFO 1588 [egg-mongoose] connecting mongodb://127.0.0.1/shoppingMall
2019-04-30 15:10:23,886 INFO 1588 [egg-static] starting static serve /public/ -> C:\Users\Administrator\Desktop\shop\server\app\public
2019-04-30 15:10:23,888 INFO 1588 [egg-security] use methodnoallow middleware
2019-04-30 15:10:23,889 INFO 1588 [egg-security] use noopen middleware
2019-04-30 15:10:23,890 INFO 1588 [egg-security] use nosniff middleware
2019-04-30 15:10:23,890 INFO 1588 [egg-security] use xssProtection middleware
2019-04-30 15:10:23,891 INFO 1588 [egg-security] use xframe middleware
2019-04-30 15:10:23,891 INFO 1588 [egg-security] use dta middleware
2019-04-30 15:10:23,891 INFO 1588 [egg-security] compose 6 middlewares into one security middleware
2019-04-30 15:10:23,915 INFO 1588 [egg:core] dump config after load, 6ms
2019-04-30 15:10:23,918 INFO 1588 [egg-mongoose] starting...
2019-04-30 15:10:23,966 INFO 1588 [egg-mongoose] mongodb://127.0.0.1/shoppingMall connected successfully
2019-04-30 15:10:23,973 INFO 1588 [egg-mongoose] instance[0] start successfully
2019-04-30 15:10:23,975 INFO 1588 [egg-watcher:application] watcher start success
2019-04-30 15:10:23,985 INFO 1588 [egg:core] dump config after ready, 6ms
2019-04-30 16:00:34,873 INFO 2516 [egg:logger] init all loggers with options: {"dir":"C:\\Users\\Administrator\\Desktop\\shop\\server\\logs\\server","encoding":"utf8","env":"local","level":"INFO","consoleLevel":"INFO","disableConsoleAfterReady":false,"outputJSON":false,"buffer":true,"appLogName":"server-web.log","coreLogName":"egg-web.log","agentLogName":"egg-agent.log","errorLogName":"common-error.log","coreLogger":{"consoleLevel":"WARN"},"allowDebugAtProd":false,"type":"application"}
2019-04-30 16:00:34,907 INFO 2516 [egg-multipart] stream mode enable
2019-04-30 16:00:35,337 INFO 2516 [egg-mongoose] connecting mongodb://127.0.0.1/shoppingMall
2019-04-30 16:00:35,694 INFO 2516 [egg-static] starting static serve /public/ -> C:\Users\Administrator\Desktop\shop\server\app\public
2019-04-30 16:00:35,696 INFO 2516 [egg-security] use methodnoallow middleware
2019-04-30 16:00:35,697 INFO 2516 [egg-security] use noopen middleware
2019-04-30 16:00:35,698 INFO 2516 [egg-security] use nosniff middleware
2019-04-30 16:00:35,699 INFO 2516 [egg-security] use xssProtection middleware
2019-04-30 16:00:35,699 INFO 2516 [egg-security] use xframe middleware
2019-04-30 16:00:35,700 INFO 2516 [egg-security] use dta middleware
2019-04-30 16:00:35,700 INFO 2516 [egg-security] compose 6 middlewares into one security middleware
2019-04-30 16:00:35,724 INFO 2516 [egg:core] dump config after load, 6ms
2019-04-30 16:00:35,728 INFO 2516 [egg-mongoose] starting...
2019-04-30 16:00:35,778 INFO 2516 [egg-mongoose] mongodb://127.0.0.1/shoppingMall connected successfully
2019-04-30 16:00:35,785 INFO 2516 [egg-mongoose] instance[0] start successfully
2019-04-30 16:00:35,787 INFO 2516 [egg-watcher:application] watcher start success
2019-04-30 16:00:35,797 INFO 2516 [egg:core] dump config after ready, 7ms
2019-04-30 16:27:58,964 INFO 1652 [egg:logger] init all loggers with options: {"dir":"C:\\Users\\Administrator\\Desktop\\shop\\server\\logs\\server","encoding":"utf8","env":"local","level":"INFO","consoleLevel":"INFO","disableConsoleAfterReady":false,"outputJSON":false,"buffer":true,"appLogName":"server-web.log","coreLogName":"egg-web.log","agentLogName":"egg-agent.log","errorLogName":"common-error.log","coreLogger":{"consoleLevel":"WARN"},"allowDebugAtProd":false,"type":"application"}
2019-04-30 16:27:59,004 INFO 1652 [egg-multipart] stream mode enable
2019-04-30 16:27:59,447 INFO 1652 [egg-mongoose] connecting mongodb://127.0.0.1/shoppingMall
2019-04-30 16:27:59,766 INFO 1652 [egg-static] starting static serve /public/ -> C:\Users\Administrator\Desktop\shop\server\app\public
2019-04-30 16:27:59,768 INFO 1652 [egg-security] use methodnoallow middleware
2019-04-30 16:27:59,769 INFO 1652 [egg-security] use noopen middleware
2019-04-30 16:27:59,770 INFO 1652 [egg-security] use nosniff middleware
2019-04-30 16:27:59,770 INFO 1652 [egg-security] use xssProtection middleware
2019-04-30 16:27:59,771 INFO 1652 [egg-security] use xframe middleware
2019-04-30 16:27:59,771 INFO 1652 [egg-security] use dta middleware
2019-04-30 16:27:59,771 INFO 1652 [egg-security] compose 6 middlewares into one security middleware
2019-04-30 16:27:59,791 INFO 1652 [egg:core] dump config after load, 7ms
2019-04-30 16:27:59,795 INFO 1652 [egg-mongoose] starting...
2019-04-30 16:27:59,855 INFO 1652 [egg-mongoose] mongodb://127.0.0.1/shoppingMall connected successfully
2019-04-30 16:27:59,867 INFO 1652 [egg-mongoose] instance[0] start successfully
2019-04-30 16:27:59,872 INFO 1652 [egg-watcher:application] watcher start success
2019-04-30 16:27:59,891 INFO 1652 [egg:core] dump config after ready, 17ms
2019-05-08 11:13:01,282 INFO 7920 [egg:logger] init all loggers with options: {"dir":"C:\\Users\\Administrator\\Desktop\\shop\\server\\logs\\server","encoding":"utf8","env":"local","level":"INFO","consoleLevel":"INFO","disableConsoleAfterReady":false,"outputJSON":false,"buffer":true,"appLogName":"server-web.log","coreLogName":"egg-web.log","agentLogName":"egg-agent.log","errorLogName":"common-error.log","coreLogger":{"consoleLevel":"WARN"},"allowDebugAtProd":false,"type":"application"}
2019-05-08 11:13:01,317 INFO 7920 [egg-multipart] stream mode enable
2019-05-08 11:13:01,786 INFO 7920 [egg-mongoose] connecting mongodb://127.0.0.1/shoppingMall
2019-05-08 11:13:02,170 INFO 7920 [egg-static] starting static serve /public/ -> C:\Users\Administrator\Desktop\shop\server\app\public
2019-05-08 11:13:02,173 INFO 7920 [egg-security] use methodnoallow middleware
2019-05-08 11:13:02,174 INFO 7920 [egg-security] use noopen middleware
2019-05-08 11:13:02,175 INFO 7920 [egg-security] use nosniff middleware
2019-05-08 11:13:02,176 INFO 7920 [egg-security] use xssProtection middleware
2019-05-08 11:13:02,176 INFO 7920 [egg-security] use xframe middleware
2019-05-08 11:13:02,177 INFO 7920 [egg-security] use dta middleware
2019-05-08 11:13:02,177 INFO 7920 [egg-security] compose 6 middlewares into one security middleware
2019-05-08 11:13:02,203 INFO 7920 [egg:core] dump config after load, 7ms
2019-05-08 11:13:02,205 INFO 7920 [egg-mongoose] starting...
2019-05-08 11:13:02,244 INFO 7920 [egg-mongoose] mongodb://127.0.0.1/shoppingMall connected successfully
2019-05-08 11:13:02,251 INFO 7920 [egg-mongoose] instance[0] start successfully
2019-05-08 11:13:02,253 INFO 7920 [egg-watcher:application] watcher start success
2019-05-08 11:13:02,265 INFO 7920 [egg:core] dump config after ready, 9ms
2019-05-08 16:19:35,343 INFO 6608 [egg:logger] init all loggers with options: {"dir":"C:\\Users\\Administrator\\Desktop\\shop\\server\\logs\\server","encoding":"utf8","env":"local","level":"INFO","consoleLevel":"INFO","disableConsoleAfterReady":false,"outputJSON":false,"buffer":true,"appLogName":"server-web.log","coreLogName":"egg-web.log","agentLogName":"egg-agent.log","errorLogName":"common-error.log","coreLogger":{"consoleLevel":"WARN"},"allowDebugAtProd":false,"type":"application"}
2019-05-08 16:19:35,395 INFO 6608 [egg-multipart] stream mode enable
2019-05-08 16:19:36,206 INFO 6608 [egg-mongoose] connecting mongodb://127.0.0.1/shoppingMall
2019-05-08 16:19:36,761 INFO 6608 [egg-static] starting static serve /public/ -> C:\Users\Administrator\Desktop\shop\server\app\public
2019-05-08 16:19:36,765 INFO 6608 [egg-security] use methodnoallow middleware
2019-05-08 16:19:36,765 INFO 6608 [egg-security] use noopen middleware
2019-05-08 16:19:36,767 INFO 6608 [egg-security] use nosniff middleware
2019-05-08 16:19:36,767 INFO 6608 [egg-security] use xssProtection middleware
2019-05-08 16:19:36,768 INFO 6608 [egg-security] use xframe middleware
2019-05-08 16:19:36,769 INFO 6608 [egg-security] use dta middleware
2019-05-08 16:19:36,769 INFO 6608 [egg-security] compose 6 middlewares into one security middleware
2019-05-08 16:19:36,812 INFO 6608 [egg:core] dump config after load, 17ms
2019-05-08 16:19:36,816 INFO 6608 [egg-mongoose] starting...
2019-05-08 16:19:36,882 INFO 6608 [egg-mongoose] mongodb://127.0.0.1/shoppingMall connected successfully
2019-05-08 16:19:36,894 INFO 6608 [egg-mongoose] instance[0] start successfully
2019-05-08 16:19:36,897 INFO 6608 [egg-watcher:application] watcher start success
2019-05-08 16:19:36,916 INFO 6608 [egg:core] dump config after ready, 14ms
2019-05-10 08:53:01,754 INFO 3636 [egg:logger] init all loggers with options: {"dir":"C:\\Users\\Administrator\\Desktop\\shop\\server\\logs\\server","encoding":"utf8","env":"local","level":"INFO","consoleLevel":"INFO","disableConsoleAfterReady":false,"outputJSON":false,"buffer":true,"appLogName":"server-web.log","coreLogName":"egg-web.log","agentLogName":"egg-agent.log","errorLogName":"common-error.log","coreLogger":{"consoleLevel":"WARN"},"allowDebugAtProd":false,"type":"application"}
2019-05-10 08:53:01,791 INFO 3636 [egg-multipart] stream mode enable
2019-05-10 08:53:02,221 INFO 3636 [egg-mongoose] connecting mongodb://127.0.0.1/shoppingMall
2019-05-10 08:53:02,558 INFO 3636 [egg-static] starting static serve /public/ -> C:\Users\Administrator\Desktop\shop\server\app\public
2019-05-10 08:53:02,566 INFO 3636 [egg-security] use methodnoallow middleware
2019-05-10 08:53:02,567 INFO 3636 [egg-security] use noopen middleware
2019-05-10 08:53:02,568 INFO 3636 [egg-security] use nosniff middleware
2019-05-10 08:53:02,569 INFO 3636 [egg-security] use xssProtection middleware
2019-05-10 08:53:02,569 INFO 3636 [egg-security] use xframe middleware
2019-05-10 08:53:02,570 INFO 3636 [egg-security] use dta middleware
2019-05-10 08:53:02,570 INFO 3636 [egg-security] compose 6 middlewares into one security middleware
2019-05-10 08:53:02,592 INFO 3636 [egg:core] dump config after load, 5ms
2019-05-10 08:53:02,596 INFO 3636 [egg-mongoose] starting...
2019-05-10 08:53:02,634 INFO 3636 [egg-watcher:application] watcher start success
2019-05-10 08:53:02,638 INFO 3636 [egg-mongoose] mongodb://127.0.0.1/shoppingMall connected successfully
2019-05-10 08:53:02,645 INFO 3636 [egg-mongoose] instance[0] start successfully
2019-05-10 08:53:02,651 INFO 3636 [egg:core] dump config after ready, 5ms
2019-05-10 08:53:17,447 INFO 7048 [egg:logger] init all loggers with options: {"dir":"C:\\Users\\Administrator\\Desktop\\shop\\server\\logs\\server","encoding":"utf8","env":"local","level":"INFO","consoleLevel":"INFO","disableConsoleAfterReady":false,"outputJSON":false,"buffer":true,"appLogName":"server-web.log","coreLogName":"egg-web.log","agentLogName":"egg-agent.log","errorLogName":"common-error.log","coreLogger":{"consoleLevel":"WARN"},"allowDebugAtProd":false,"type":"application"}
2019-05-10 08:53:17,484 INFO 7048 [egg-multipart] stream mode enable
2019-05-10 08:53:17,774 INFO 7048 [egg-mongoose] connecting mongodb://127.0.0.1/shoppingMall
2019-05-10 08:53:18,005 INFO 7048 [egg-static] starting static serve /public/ -> C:\Users\Administrator\Desktop\shop\server\app\public
2019-05-10 08:53:18,008 INFO 7048 [egg-security] use methodnoallow middleware
2019-05-10 08:53:18,008 INFO 7048 [egg-security] use noopen middleware
2019-05-10 08:53:18,009 INFO 7048 [egg-security] use nosniff middleware
2019-05-10 08:53:18,009 INFO 7048 [egg-security] use xssProtection middleware
2019-05-10 08:53:18,010 INFO 7048 [egg-security] use xframe middleware
2019-05-10 08:53:18,010 INFO 7048 [egg-security] use dta middleware
2019-05-10 08:53:18,010 INFO 7048 [egg-security] compose 6 middlewares into one security middleware
2019-05-10 08:53:18,028 INFO 7048 [egg:core] dump config after load, 6ms
2019-05-10 08:53:18,030 INFO 7048 [egg-mongoose] starting...
2019-05-10 08:53:18,066 INFO 7048 [egg-mongoose] mongodb://127.0.0.1/shoppingMall connected successfully
2019-05-10 08:53:18,073 INFO 7048 [egg-mongoose] instance[0] start successfully
2019-05-10 08:53:18,075 INFO 7048 [egg-watcher:application] watcher start success
2019-05-10 08:53:18,087 INFO 7048 [egg:core] dump config after ready, 6ms
2019-07-01 09:48:43,781 INFO 404 [egg:logger] init all loggers with options: {"dir":"C:\\Users\\Administrator\\Desktop\\vue商城项目\\server\\logs\\server","encoding":"utf8","env":"local","level":"INFO","consoleLevel":"INFO","disableConsoleAfterReady":false,"outputJSON":false,"buffer":true,"appLogName":"server-web.log","coreLogName":"egg-web.log","agentLogName":"egg-agent.log","errorLogName":"common-error.log","coreLogger":{"consoleLevel":"WARN"},"allowDebugAtProd":false,"type":"application"}
2019-07-01 09:48:43,808 INFO 404 [egg-multipart] stream mode enable
2019-07-01 09:48:44,102 INFO 404 [egg-mongoose] connecting mongodb://127.0.0.1/shoppingMall
2019-07-01 09:48:44,329 INFO 404 [egg-static] starting static serve /public/ -> C:\Users\Administrator\Desktop\vue商城项目\server\app\public
2019-07-01 09:48:44,332 INFO 404 [egg-security] use methodnoallow middleware
2019-07-01 09:48:44,333 INFO 404 [egg-security] use noopen middleware
2019-07-01 09:48:44,333 INFO 404 [egg-security] use nosniff middleware
2019-07-01 09:48:44,334 INFO 404 [egg-security] use xssProtection middleware
2019-07-01 09:48:44,335 INFO 404 [egg-security] use xframe middleware
2019-07-01 09:48:44,335 INFO 404 [egg-security] use dta middleware
2019-07-01 09:48:44,335 INFO 404 [egg-security] compose 6 middlewares into one security middleware
2019-07-01 09:48:44,360 INFO 404 [egg:core] dump config after load, 9ms
2019-07-01 09:48:44,363 INFO 404 [egg-mongoose] starting...
2019-07-01 09:48:44,412 INFO 404 [egg-mongoose] mongodb://127.0.0.1/shoppingMall connected successfully
2019-07-01 09:48:44,420 INFO 404 [egg-mongoose] instance[0] start successfully
2019-07-01 09:48:44,423 INFO 404 [egg-watcher:application] watcher start success
2019-07-01 09:48:44,436 INFO 404 [egg:core] dump config after ready, 11ms
2019-07-03 14:42:37,659 INFO 9404 [egg:logger] init all loggers with options: {"dir":"C:\\Users\\Administrator\\Desktop\\vue商城项目\\server\\logs\\server","encoding":"utf8","env":"local","level":"INFO","consoleLevel":"INFO","disableConsoleAfterReady":false,"outputJSON":false,"buffer":true,"appLogName":"server-web.log","coreLogName":"egg-web.log","agentLogName":"egg-agent.log","errorLogName":"common-error.log","coreLogger":{"consoleLevel":"WARN"},"allowDebugAtProd":false,"type":"application"}
2019-07-03 14:42:37,688 INFO 9404 [egg-multipart] stream mode enable
2019-07-03 14:42:38,256 INFO 9404 [egg-mongoose] connecting mongodb://127.0.0.1/shoppingMall
2019-07-03 14:42:38,818 INFO 9404 [egg-static] starting static serve /public/ -> C:\Users\Administrator\Desktop\vue商城项目\server\app\public
2019-07-03 14:42:38,824 INFO 9404 [egg-security] use methodnoallow middleware
2019-07-03 14:42:38,826 INFO 9404 [egg-security] use noopen middleware
2019-07-03 14:42:38,827 INFO 9404 [egg-security] use nosniff middleware
2019-07-03 14:42:38,829 INFO 9404 [egg-security] use xssProtection middleware
2019-07-03 14:42:38,829 INFO 9404 [egg-security] use xframe middleware
2019-07-03 14:42:38,831 INFO 9404 [egg-security] use dta middleware
2019-07-03 14:42:38,831 INFO 9404 [egg-security] compose 6 middlewares into one security middleware
2019-07-03 14:42:38,873 INFO 9404 [egg:core] dump config after load, 11ms
2019-07-03 14:42:38,882 INFO 9404 [egg-mongoose] starting...
2019-07-03 14:42:38,939 INFO 9404 [egg-mongoose] mongodb://127.0.0.1/shoppingMall connected successfully
2019-07-03 14:42:38,946 INFO 9404 [egg-mongoose] instance[0] start successfully
2019-07-03 14:42:38,949 INFO 9404 [egg-watcher:application] watcher start success
2019-07-03 14:42:38,962 INFO 9404 [egg:core] dump config after ready, 8ms
2019-07-03 15:24:23,550 INFO 10252 [egg:logger] init all loggers with options: {"dir":"C:\\Users\\Administrator\\Desktop\\vue商城项目\\server\\logs\\server","encoding":"utf8","env":"local","level":"INFO","consoleLevel":"INFO","disableConsoleAfterReady":false,"outputJSON":false,"buffer":true,"appLogName":"server-web.log","coreLogName":"egg-web.log","agentLogName":"egg-agent.log","errorLogName":"common-error.log","coreLogger":{"consoleLevel":"WARN"},"allowDebugAtProd":false,"type":"application"}
2019-07-03 15:24:23,579 INFO 10252 [egg-multipart] stream mode enable
2019-07-03 15:24:24,217 INFO 10252 [egg-mongoose] connecting mongodb://127.0.0.1/shoppingMall
2019-07-03 15:24:24,649 INFO 10252 [egg-static] starting static serve /public/ -> C:\Users\Administrator\Desktop\vue商城项目\server\app\public
2019-07-03 15:24:24,652 INFO 10252 [egg-security] use methodnoallow middleware
2019-07-03 15:24:24,653 INFO 10252 [egg-security] use noopen middleware
2019-07-03 15:24:24,654 INFO 10252 [egg-security] use nosniff middleware
2019-07-03 15:24:24,655 INFO 10252 [egg-security] use xssProtection middleware
2019-07-03 15:24:24,656 INFO 10252 [egg-security] use xframe middleware
2019-07-03 15:24:24,656 INFO 10252 [egg-security] use dta middleware
2019-07-03 15:24:24,656 INFO 10252 [egg-security] compose 6 middlewares into one security middleware
2019-07-03 15:24:24,684 INFO 10252 [egg:core] dump config after load, 7ms
2019-07-03 15:24:24,687 INFO 10252 [egg-mongoose] starting...
2019-07-03 15:24:24,727 INFO 10252 [egg-mongoose] mongodb://127.0.0.1/shoppingMall connected successfully
2019-07-03 15:24:24,735 INFO 10252 [egg-mongoose] instance[0] start successfully
2019-07-03 15:24:24,737 INFO 10252 [egg-watcher:application] watcher start success
2019-07-03 15:24:24,748 INFO 10252 [egg:core] dump config after ready, 7ms
2019-12-28 15:04:18,241 INFO 9840 [egg:logger] init all loggers with options: {"dir":"D:\\vue\\shopping\\server\\logs\\server","encoding":"utf8","env":"local","level":"INFO","consoleLevel":"INFO","disableConsoleAfterReady":false,"outputJSON":false,"buffer":true,"appLogName":"server-web.log","coreLogName":"egg-web.log","agentLogName":"egg-agent.log","errorLogName":"common-error.log","coreLogger":{"consoleLevel":"WARN"},"allowDebugAtProd":false,"type":"application"}
2019-12-28 15:04:18,274 INFO 9840 [egg-multipart] stream mode enable
2019-12-28 15:04:18,827 INFO 9840 [egg-mongoose] connecting mongodb://127.0.0.1/shoppingMall
2019-12-28 15:04:19,193 INFO 9840 [egg-static] starting static serve /public/ -> D:\vue\shopping\server\app\public
2019-12-28 15:04:19,197 INFO 9840 [egg-security] use methodnoallow middleware
2019-12-28 15:04:19,198 INFO 9840 [egg-security] use noopen middleware
2019-12-28 15:04:19,199 INFO 9840 [egg-security] use nosniff middleware
2019-12-28 15:04:19,200 INFO 9840 [egg-security] use xssProtection middleware
2019-12-28 15:04:19,201 INFO 9840 [egg-security] use xframe middleware
2019-12-28 15:04:19,202 INFO 9840 [egg-security] use dta middleware
2019-12-28 15:04:19,202 INFO 9840 [egg-security] compose 6 middlewares into one security middleware
2019-12-28 15:04:19,225 INFO 9840 [egg:core] dump config after load, 6ms
2019-12-28 15:04:19,227 INFO 9840 [egg-mongoose] starting...
2019-12-28 15:04:19,289 INFO 9840 [egg-mongoose] mongodb://127.0.0.1/shoppingMall connected successfully
2019-12-28 15:04:19,297 INFO 9840 [egg-mongoose] instance[0] start successfully
2019-12-28 15:04:19,300 INFO 9840 [egg-watcher:application] watcher start success
2019-12-28 15:04:19,310 INFO 9840 [egg:core] dump config after ready, 9ms
2019-12-30 09:01:42,150 INFO 5612 [egg:logger] init all loggers with options: {"dir":"D:\\vue\\shopping\\server\\logs\\server","encoding":"utf8","env":"local","level":"INFO","consoleLevel":"INFO","disableConsoleAfterReady":false,"outputJSON":false,"buffer":true,"appLogName":"server-web.log","coreLogName":"egg-web.log","agentLogName":"egg-agent.log","errorLogName":"common-error.log","coreLogger":{"consoleLevel":"WARN"},"allowDebugAtProd":false,"type":"application"}
2019-12-30 09:01:42,177 INFO 5612 [egg-multipart] stream mode enable
2019-12-30 09:01:42,916 INFO 5612 [egg-mongoose] connecting mongodb://127.0.0.1/shoppingMall
2019-12-30 09:01:43,319 INFO 5612 [egg-static] starting static serve /public/ -> D:\vue\shopping\server\app\public
2019-12-30 09:01:43,322 INFO 5612 [egg-security] use methodnoallow middleware
2019-12-30 09:01:43,323 INFO 5612 [egg-security] use noopen middleware
2019-12-30 09:01:43,324 INFO 5612 [egg-security] use nosniff middleware
2019-12-30 09:01:43,325 INFO 5612 [egg-security] use xssProtection middleware
2019-12-30 09:01:43,325 INFO 5612 [egg-security] use xframe middleware
2019-12-30 09:01:43,326 INFO 5612 [egg-security] use dta middleware
2019-12-30 09:01:43,326 INFO 5612 [egg-security] compose 6 middlewares into one security middleware
2019-12-30 09:01:43,349 INFO 5612 [egg:core] dump config after load, 4ms
2019-12-30 09:01:43,351 INFO 5612 [egg-mongoose] starting...
2019-12-30 09:01:43,400 INFO 5612 [egg-mongoose] mongodb://127.0.0.1/shoppingMall connected successfully
2019-12-30 09:01:43,412 INFO 5612 [egg-mongoose] instance[0] start successfully
2019-12-30 09:01:43,413 INFO 5612 [egg-watcher:application] watcher start success
2019-12-30 09:01:43,422 INFO 5612 [egg:core] dump config after ready, 5ms
2019-12-30 21:19:45,712 INFO 14240 [egg:logger] init all loggers with options: {"dir":"D:\\vue\\shopping\\server\\logs\\server","encoding":"utf8","env":"local","level":"INFO","consoleLevel":"INFO","disableConsoleAfterReady":false,"outputJSON":false,"buffer":true,"appLogName":"server-web.log","coreLogName":"egg-web.log","agentLogName":"egg-agent.log","errorLogName":"common-error.log","coreLogger":{"consoleLevel":"WARN"},"allowDebugAtProd":false,"type":"application"}
2019-12-30 21:19:45,752 INFO 14240 [egg-multipart] stream mode enable
2019-12-30 21:19:46,537 INFO 14240 [egg-mongoose] connecting mongodb://127.0.0.1/shoppingMall
2019-12-30 21:19:47,047 INFO 14240 [egg-static] starting static serve /public/ -> D:\vue\shopping\server\app\public
2019-12-30 21:19:47,052 INFO 14240 [egg-security] use methodnoallow middleware
2019-12-30 21:19:47,053 INFO 14240 [egg-security] use noopen middleware
2019-12-30 21:19:47,055 INFO 14240 [egg-security] use nosniff middleware
2019-12-30 21:19:47,058 INFO 14240 [egg-security] use xssProtection middleware
2019-12-30 21:19:47,060 INFO 14240 [egg-security] use xframe middleware
2019-12-30 21:19:47,061 INFO 14240 [egg-security] use dta middleware
2019-12-30 21:19:47,061 INFO 14240 [egg-security] compose 6 middlewares into one security middleware
2019-12-30 21:19:47,088 INFO 14240 [egg:core] dump config after load, 6ms
2019-12-30 21:19:47,091 INFO 14240 [egg-mongoose] starting...
2019-12-30 21:19:47,145 INFO 14240 [egg-mongoose] mongodb://127.0.0.1/shoppingMall connected successfully
2019-12-30 21:19:47,159 INFO 14240 [egg-mongoose] instance[0] start successfully
2019-12-30 21:19:47,164 INFO 14240 [egg-watcher:application] watcher start success
2019-12-30 21:19:47,173 INFO 14240 [egg:core] dump config after ready, 7ms
2019-12-31 08:24:30,619 INFO 5276 [egg:logger] init all loggers with options: {"dir":"D:\\vue\\shopping\\server\\logs\\server","encoding":"utf8","env":"local","level":"INFO","consoleLevel":"INFO","disableConsoleAfterReady":false,"outputJSON":false,"buffer":true,"appLogName":"server-web.log","coreLogName":"egg-web.log","agentLogName":"egg-agent.log","errorLogName":"common-error.log","coreLogger":{"consoleLevel":"WARN"},"allowDebugAtProd":false,"type":"application"}
2019-12-31 08:24:30,647 INFO 5276 [egg-multipart] stream mode enable
2019-12-31 08:24:31,247 INFO 5276 [egg-mongoose] connecting mongodb://127.0.0.1/shoppingMall
2019-12-31 08:24:31,628 INFO 5276 [egg-static] starting static serve /public/ -> D:\vue\shopping\server\app\public
2019-12-31 08:24:31,631 INFO 5276 [egg-security] use methodnoallow middleware
2019-12-31 08:24:31,632 INFO 5276 [egg-security] use noopen middleware
2019-12-31 08:24:31,633 INFO 5276 [egg-security] use nosniff middleware
2019-12-31 08:24:31,633 INFO 5276 [egg-security] use xssProtection middleware
2019-12-31 08:24:31,634 INFO 5276 [egg-security] use xframe middleware
2019-12-31 08:24:31,635 INFO 5276 [egg-security] use dta middleware
2019-12-31 08:24:31,635 INFO 5276 [egg-security] compose 6 middlewares into one security middleware
2019-12-31 08:24:31,658 INFO 5276 [egg:core] dump config after load, 5ms
2019-12-31 08:24:31,660 INFO 5276 [egg-mongoose] starting...
2019-12-31 08:24:31,713 INFO 5276 [egg-mongoose] mongodb://127.0.0.1/shoppingMall connected successfully
2019-12-31 08:24:31,729 INFO 5276 [egg-mongoose] instance[0] start successfully
2019-12-31 08:24:31,731 INFO 5276 [egg-watcher:application] watcher start success
2019-12-31 08:24:31,741 INFO 5276 [egg:core] dump config after ready, 6ms
2019-12-31 08:54:16,645 INFO 5916 [egg:logger] init all loggers with options: {"dir":"D:\\vue\\shopping\\server\\logs\\server","encoding":"utf8","env":"local","level":"INFO","consoleLevel":"INFO","disableConsoleAfterReady":false,"outputJSON":false,"buffer":true,"appLogName":"server-web.log","coreLogName":"egg-web.log","agentLogName":"egg-agent.log","errorLogName":"common-error.log","coreLogger":{"consoleLevel":"WARN"},"allowDebugAtProd":false,"type":"application"}
2019-12-31 08:54:16,673 INFO 5916 [egg-multipart] stream mode enable
2019-12-31 08:54:17,329 INFO 5916 [egg-mongoose] connecting mongodb://127.0.0.1/shoppingMall
2019-12-31 08:54:17,678 INFO 5916 [egg-static] starting static serve /public/ -> D:\vue\shopping\server\app\public
2019-12-31 08:54:17,681 INFO 5916 [egg-security] use methodnoallow middleware
2019-12-31 08:54:17,682 INFO 5916 [egg-security] use noopen middleware
2019-12-31 08:54:17,683 INFO 5916 [egg-security] use nosniff middleware
2019-12-31 08:54:17,684 INFO 5916 [egg-security] use xssProtection middleware
2019-12-31 08:54:17,684 INFO 5916 [egg-security] use xframe middleware
2019-12-31 08:54:17,685 INFO 5916 [egg-security] use dta middleware
2019-12-31 08:54:17,685 INFO 5916 [egg-security] compose 6 middlewares into one security middleware
2019-12-31 08:54:17,707 INFO 5916 [egg:core] dump config after load, 5ms
2019-12-31 08:54:17,710 INFO 5916 [egg-mongoose] starting...
2019-12-31 08:54:17,762 INFO 5916 [egg-mongoose] mongodb://127.0.0.1/shoppingMall connected successfully
2019-12-31 08:54:17,774 INFO 5916 [egg-mongoose] instance[0] start successfully
2019-12-31 08:54:17,779 INFO 5916 [egg-watcher:application] watcher start success
2019-12-31 08:54:17,796 INFO 5916 [egg:core] dump config after ready, 16ms
2020-01-01 12:14:48,421 INFO 8740 [egg:logger] init all loggers with options: {"dir":"D:\\vue\\shopping\\server\\logs\\server","encoding":"utf8","env":"local","level":"INFO","consoleLevel":"INFO","disableConsoleAfterReady":false,"outputJSON":false,"buffer":true,"appLogName":"server-web.log","coreLogName":"egg-web.log","agentLogName":"egg-agent.log","errorLogName":"common-error.log","coreLogger":{"consoleLevel":"WARN"},"allowDebugAtProd":false,"type":"application"}
2020-01-01 12:14:48,458 INFO 8740 [egg-multipart] stream mode enable
2020-01-01 12:14:49,129 INFO 8740 [egg-mongoose] connecting mongodb://127.0.0.1/shoppingMall
2020-01-01 12:14:49,657 INFO 8740 [egg-static] starting static serve /public/ -> D:\vue\shopping\server\app\public
2020-01-01 12:14:49,660 INFO 8740 [egg-security] use methodnoallow middleware
2020-01-01 12:14:49,662 INFO 8740 [egg-security] use noopen middleware
2020-01-01 12:14:49,663 INFO 8740 [egg-security] use nosniff middleware
2020-01-01 12:14:49,664 INFO 8740 [egg-security] use xssProtection middleware
2020-01-01 12:14:49,665 INFO 8740 [egg-security] use xframe middleware
2020-01-01 12:14:49,667 INFO 8740 [egg-security] use dta middleware
2020-01-01 12:14:49,667 INFO 8740 [egg-security] compose 6 middlewares into one security middleware
2020-01-01 12:14:49,701 INFO 8740 [egg:core] dump config after load, 7ms
2020-01-01 12:14:49,704 INFO 8740 [egg-mongoose] starting...
2020-01-01 12:14:49,762 INFO 8740 [egg-mongoose] mongodb://127.0.0.1/shoppingMall connected successfully
2020-01-01 12:14:49,771 INFO 8740 [egg-mongoose] instance[0] start successfully
2020-01-01 12:14:49,785 INFO 8740 [egg-watcher:application] watcher start success
2020-01-01 12:14:49,802 INFO 8740 [egg:core] dump config after ready, 9ms
2020-01-01 12:14:49,965 INFO 7712 [egg:logger] init all loggers with options: {"dir":"D:\\vue\\shopping\\server\\logs\\server","encoding":"utf8","env":"local","level":"INFO","consoleLevel":"INFO","disableConsoleAfterReady":false,"outputJSON":false,"buffer":true,"appLogName":"server-web.log","coreLogName":"egg-web.log","agentLogName":"egg-agent.log","errorLogName":"common-error.log","coreLogger":{"consoleLevel":"WARN"},"allowDebugAtProd":false,"type":"application"}
2020-01-01 12:14:50,006 INFO 7712 [egg-multipart] stream mode enable
2020-01-01 12:14:50,468 INFO 7712 [egg-mongoose] connecting mongodb://127.0.0.1/shoppingMall
2020-01-01 12:14:50,803 INFO 7712 [egg-static] starting static serve /public/ -> D:\vue\shopping\server\app\public
2020-01-01 12:14:50,805 INFO 7712 [egg-security] use methodnoallow middleware
2020-01-01 12:14:50,806 INFO 7712 [egg-security] use noopen middleware
2020-01-01 12:14:50,808 INFO 7712 [egg-security] use nosniff middleware
2020-01-01 12:14:50,809 INFO 7712 [egg-security] use xssProtection middleware
2020-01-01 12:14:50,810 INFO 7712 [egg-security] use xframe middleware
2020-01-01 12:14:50,810 INFO 7712 [egg-security] use dta middleware
2020-01-01 12:14:50,810 INFO 7712 [egg-security] compose 6 middlewares into one security middleware
2020-01-01 12:14:50,835 INFO 7712 [egg:core] dump config after load, 6ms
2020-01-01 12:14:50,837 INFO 7712 [egg-mongoose] starting...
2020-01-01 12:14:50,893 INFO 7712 [egg-mongoose] mongodb://127.0.0.1/shoppingMall connected successfully
2020-01-01 12:14:50,901 INFO 7712 [egg-mongoose] instance[0] start successfully
2020-01-01 12:14:50,908 INFO 7712 [egg-watcher:application] watcher start success
2020-01-01 12:14:50,918 INFO 7712 [egg:core] dump config after ready, 8ms
2020-01-01 12:14:52,210 INFO 14504 [egg:logger] init all loggers with options: {"dir":"D:\\vue\\shopping\\server\\logs\\server","encoding":"utf8","env":"local","level":"INFO","consoleLevel":"INFO","disableConsoleAfterReady":false,"outputJSON":false,"buffer":true,"appLogName":"server-web.log","coreLogName":"egg-web.log","agentLogName":"egg-agent.log","errorLogName":"common-error.log","coreLogger":{"consoleLevel":"WARN"},"allowDebugAtProd":false,"type":"application"}
2020-01-01 12:14:52,247 INFO 14504 [egg-multipart] stream mode enable
2020-01-01 12:14:52,674 INFO 14504 [egg-mongoose] connecting mongodb://127.0.0.1/shoppingMall
2020-01-01 12:14:53,010 INFO 14504 [egg-static] starting static serve /public/ -> D:\vue\shopping\server\app\public
2020-01-01 12:14:53,013 INFO 14504 [egg-security] use methodnoallow middleware
2020-01-01 12:14:53,014 INFO 14504 [egg-security] use noopen middleware
2020-01-01 12:14:53,015 INFO 14504 [egg-security] use nosniff middleware
2020-01-01 12:14:53,016 INFO 14504 [egg-security] use xssProtection middleware
2020-01-01 12:14:53,017 INFO 14504 [egg-security] use xframe middleware
2020-01-01 12:14:53,018 INFO 14504 [egg-security] use dta middleware
2020-01-01 12:14:53,018 INFO 14504 [egg-security] compose 6 middlewares into one security middleware
2020-01-01 12:14:53,047 INFO 14504 [egg:core] dump config after load, 6ms
2020-01-01 12:14:53,049 INFO 14504 [egg-mongoose] starting...
2020-01-01 12:14:53,103 INFO 14504 [egg-mongoose] mongodb://127.0.0.1/shoppingMall connected successfully
2020-01-01 12:14:53,113 INFO 14504 [egg-mongoose] instance[0] start successfully
2020-01-01 12:14:53,119 INFO 14504 [egg-watcher:application] watcher start success
2020-01-01 12:14:53,128 INFO 14504 [egg:core] dump config after ready, 7ms
2020-01-01 15:01:49,317 INFO 4188 [egg:logger] init all loggers with options: {"dir":"D:\\vue\\shopping\\server\\logs\\server","encoding":"utf8","env":"local","level":"INFO","consoleLevel":"INFO","disableConsoleAfterReady":false,"outputJSON":false,"buffer":true,"appLogName":"server-web.log","coreLogName":"egg-web.log","agentLogName":"egg-agent.log","errorLogName":"common-error.log","coreLogger":{"consoleLevel":"WARN"},"allowDebugAtProd":false,"type":"application"}
2020-01-01 15:01:49,372 INFO 4188 [egg-multipart] stream mode enable
2020-01-01 15:01:50,359 INFO 4188 [egg-mongoose] connecting mongodb://127.0.0.1/shoppingMall
2020-01-01 15:01:51,104 INFO 4188 [egg-static] starting static serve /public/ -> D:\vue\shopping\server\app\public
2020-01-01 15:01:51,109 INFO 4188 [egg-security] use methodnoallow middleware
2020-01-01 15:01:51,111 INFO 4188 [egg-security] use noopen middleware
2020-01-01 15:01:51,113 INFO 4188 [egg-security] use nosniff middleware
2020-01-01 15:01:51,115 INFO 4188 [egg-security] use xssProtection middleware
2020-01-01 15:01:51,117 INFO 4188 [egg-security] use xframe middleware
2020-01-01 15:01:51,120 INFO 4188 [egg-security] use dta middleware
2020-01-01 15:01:51,120 INFO 4188 [egg-security] compose 6 middlewares into one security middleware
2020-01-01 15:01:51,167 INFO 4188 [egg:core] dump config after load, 9ms
2020-01-01 15:01:51,170 INFO 4188 [egg-mongoose] starting...
2020-01-01 15:01:51,237 INFO 4188 [egg-mongoose] mongodb://127.0.0.1/shoppingMall connected successfully
2020-01-01 15:01:51,259 INFO 4188 [egg-mongoose] instance[0] start successfully
2020-01-01 15:01:51,262 INFO 4188 [egg-watcher:application] watcher start success
2020-01-01 15:01:51,279 INFO 4188 [egg:core] dump config after ready, 12ms
2020-01-01 15:01:53,409 INFO 13608 [egg:logger] init all loggers with options: {"dir":"D:\\vue\\shopping\\server\\logs\\server","encoding":"utf8","env":"local","level":"INFO","consoleLevel":"INFO","disableConsoleAfterReady":false,"outputJSON":false,"buffer":true,"appLogName":"server-web.log","coreLogName":"egg-web.log","agentLogName":"egg-agent.log","errorLogName":"common-error.log","coreLogger":{"consoleLevel":"WARN"},"allowDebugAtProd":false,"type":"application"}
2020-01-01 15:01:53,455 INFO 13608 [egg-multipart] stream mode enable
2020-01-01 15:01:54,195 INFO 13608 [egg-mongoose] connecting mongodb://127.0.0.1/shoppingMall
2020-01-01 15:01:54,759 INFO 13608 [egg-static] starting static serve /public/ -> D:\vue\shopping\server\app\public
2020-01-01 15:01:54,763 INFO 13608 [egg-security] use methodnoallow middleware
2020-01-01 15:01:54,765 INFO 13608 [egg-security] use noopen middleware
2020-01-01 15:01:54,767 INFO 13608 [egg-security] use nosniff middleware
2020-01-01 15:01:54,768 INFO 13608 [egg-security] use xssProtection middleware
2020-01-01 15:01:54,770 INFO 13608 [egg-security] use xframe middleware
2020-01-01 15:01:54,773 INFO 13608 [egg-security] use dta middleware
2020-01-01 15:01:54,773 INFO 13608 [egg-security] compose 6 middlewares into one security middleware
2020-01-01 15:01:54,811 INFO 13608 [egg:core] dump config after load, 10ms
2020-01-01 15:01:54,814 INFO 13608 [egg-mongoose] starting...
2020-01-01 15:01:54,878 INFO 13608 [egg-mongoose] mongodb://127.0.0.1/shoppingMall connected successfully
2020-01-01 15:01:54,895 INFO 13608 [egg-mongoose] instance[0] start successfully
2020-01-01 15:01:54,898 INFO 13608 [egg-watcher:application] watcher start success
2020-01-01 15:01:54,914 INFO 13608 [egg:core] dump config after ready, 12ms
2020-01-01 16:03:04,130 INFO 1860 [egg:logger] init all loggers with options: {"dir":"D:\\vue\\shopping\\server\\logs\\server","encoding":"utf8","env":"local","level":"INFO","consoleLevel":"INFO","disableConsoleAfterReady":false,"outputJSON":false,"buffer":true,"appLogName":"server-web.log","coreLogName":"egg-web.log","agentLogName":"egg-agent.log","errorLogName":"common-error.log","coreLogger":{"consoleLevel":"WARN"},"allowDebugAtProd":false,"type":"application"}
2020-01-01 16:03:04,171 INFO 1860 [egg-multipart] stream mode enable
2020-01-01 16:03:05,080 INFO 1860 [egg-mongoose] connecting mongodb://127.0.0.1/shoppingMall
2020-01-01 16:03:05,797 INFO 1860 [egg-static] starting static serve /public/ -> D:\vue\shopping\server\app\public
2020-01-01 16:03:05,804 INFO 1860 [egg-security] use methodnoallow middleware
2020-01-01 16:03:05,806 INFO 1860 [egg-security] use noopen middleware
2020-01-01 16:03:05,809 INFO 1860 [egg-security] use nosniff middleware
2020-01-01 16:03:05,811 INFO 1860 [egg-security] use xssProtection middleware
2020-01-01 16:03:05,813 INFO 1860 [egg-security] use xframe middleware
2020-01-01 16:03:05,815 INFO 1860 [egg-security] use dta middleware
2020-01-01 16:03:05,815 INFO 1860 [egg-security] compose 6 middlewares into one security middleware
2020-01-01 16:03:05,857 INFO 1860 [egg:core] dump config after load, 10ms
2020-01-01 16:03:05,861 INFO 1860 [egg-mongoose] starting...
2020-01-01 16:03:05,927 INFO 1860 [egg-mongoose] mongodb://127.0.0.1/shoppingMall connected successfully
2020-01-01 16:03:05,943 INFO 1860 [egg-mongoose] instance[0] start successfully
2020-01-01 16:03:05,949 INFO 1860 [egg-watcher:application] watcher start success
2020-01-01 16:03:05,962 INFO 1860 [egg:core] dump config after ready, 11ms
2020-01-01 16:03:08,224 INFO 12440 [egg:logger] init all loggers with options: {"dir":"D:\\vue\\shopping\\server\\logs\\server","encoding":"utf8","env":"local","level":"INFO","consoleLevel":"INFO","disableConsoleAfterReady":false,"outputJSON":false,"buffer":true,"appLogName":"server-web.log","coreLogName":"egg-web.log","agentLogName":"egg-agent.log","errorLogName":"common-error.log","coreLogger":{"consoleLevel":"WARN"},"allowDebugAtProd":false,"type":"application"}
2020-01-01 16:03:08,274 INFO 12440 [egg-multipart] stream mode enable
2020-01-01 16:03:08,945 INFO 12440 [egg-mongoose] connecting mongodb://127.0.0.1/shoppingMall
2020-01-01 16:03:09,483 INFO 12440 [egg-static] starting static serve /public/ -> D:\vue\shopping\server\app\public
2020-01-01 16:03:09,490 INFO 12440 [egg-security] use methodnoallow middleware
2020-01-01 16:03:09,493 INFO 12440 [egg-security] use noopen middleware
2020-01-01 16:03:09,499 INFO 12440 [egg-security] use nosniff middleware
2020-01-01 16:03:09,502 INFO 12440 [egg-security] use xssProtection middleware
2020-01-01 16:03:09,506 INFO 12440 [egg-security] use xframe middleware
2020-01-01 16:03:09,509 INFO 12440 [egg-security] use dta middleware
2020-01-01 16:03:09,509 INFO 12440 [egg-security] compose 6 middlewares into one security middleware
2020-01-01 16:03:09,564 INFO 12440 [egg:core] dump config after load, 12ms
2020-01-01 16:03:09,569 INFO 12440 [egg-mongoose] starting...
2020-01-01 16:03:09,658 INFO 12440 [egg-mongoose] mongodb://127.0.0.1/shoppingMall connected successfully
2020-01-01 16:03:09,678 INFO 12440 [egg-mongoose] instance[0] start successfully
2020-01-01 16:03:09,686 INFO 12440 [egg-watcher:application] watcher start success
2020-01-01 16:03:09,702 INFO 12440 [egg:core] dump config after ready, 13ms
2020-01-01 19:28:21,889 INFO 17384 [egg:logger] init all loggers with options: {"dir":"D:\\vue\\shopping\\server\\logs\\server","encoding":"utf8","env":"local","level":"INFO","consoleLevel":"INFO","disableConsoleAfterReady":false,"outputJSON":false,"buffer":true,"appLogName":"server-web.log","coreLogName":"egg-web.log","agentLogName":"egg-agent.log","errorLogName":"common-error.log","coreLogger":{"consoleLevel":"WARN"},"allowDebugAtProd":false,"type":"application"}
2020-01-01 19:28:21,939 INFO 17384 [egg-multipart] stream mode enable
2020-01-01 19:28:22,927 INFO 17384 [egg-mongoose] connecting mongodb://127.0.0.1/shoppingMall
2020-01-01 19:28:23,695 INFO 17384 [egg-static] starting static serve /public/ -> D:\vue\shopping\server\app\public
2020-01-01 19:28:23,700 INFO 17384 [egg-security] use methodnoallow middleware
2020-01-01 19:28:23,702 INFO 17384 [egg-security] use noopen middleware
2020-01-01 19:28:23,705 INFO 17384 [egg-security] use nosniff middleware
2020-01-01 19:28:23,707 INFO 17384 [egg-security] use xssProtection middleware
2020-01-01 19:28:23,709 INFO 17384 [egg-security] use xframe middleware
2020-01-01 19:28:23,711 INFO 17384 [egg-security] use dta middleware
2020-01-01 19:28:23,711 INFO 17384 [egg-security] compose 6 middlewares into one security middleware
2020-01-01 19:28:23,754 INFO 17384 [egg:core] dump config after load, 8ms
2020-01-01 19:28:23,758 INFO 17384 [egg-mongoose] starting...
2020-01-01 19:28:23,830 INFO 17384 [egg-mongoose] mongodb://127.0.0.1/shoppingMall connected successfully
2020-01-01 19:28:23,853 INFO 17384 [egg-mongoose] instance[0] start successfully
2020-01-01 19:28:23,858 INFO 17384 [egg-watcher:application] watcher start success
2020-01-01 19:28:23,873 INFO 17384 [egg:core] dump config after ready, 12ms
2020-01-02 08:47:13,217 INFO 5732 [egg:logger] init all loggers with options: {"dir":"D:\\vue\\shopping\\server\\logs\\server","encoding":"utf8","env":"local","level":"INFO","consoleLevel":"INFO","disableConsoleAfterReady":false,"outputJSON":false,"buffer":true,"appLogName":"server-web.log","coreLogName":"egg-web.log","agentLogName":"egg-agent.log","errorLogName":"common-error.log","coreLogger":{"consoleLevel":"WARN"},"allowDebugAtProd":false,"type":"application"}
2020-01-02 08:47:13,247 INFO 5732 [egg-multipart] stream mode enable
2020-01-02 08:47:13,782 INFO 5732 [egg-mongoose] connecting mongodb://127.0.0.1/shoppingMall
2020-01-02 08:47:14,129 INFO 5732 [egg-static] starting static serve /public/ -> D:\vue\shopping\server\app\public
2020-01-02 08:47:14,132 INFO 5732 [egg-security] use methodnoallow middleware
2020-01-02 08:47:14,133 INFO 5732 [egg-security] use noopen middleware
2020-01-02 08:47:14,134 INFO 5732 [egg-security] use nosniff middleware
2020-01-02 08:47:14,134 INFO 5732 [egg-security] use xssProtection middleware
2020-01-02 08:47:14,135 INFO 5732 [egg-security] use xframe middleware
2020-01-02 08:47:14,136 INFO 5732 [egg-security] use dta middleware
2020-01-02 08:47:14,136 INFO 5732 [egg-security] compose 6 middlewares into one security middleware
2020-01-02 08:47:14,158 INFO 5732 [egg:core] dump config after load, 5ms
2020-01-02 08:47:14,160 INFO 5732 [egg-mongoose] starting...
2020-01-02 08:47:14,210 INFO 5732 [egg-mongoose] mongodb://127.0.0.1/shoppingMall connected successfully
2020-01-02 08:47:14,221 INFO 5732 [egg-mongoose] instance[0] start successfully
2020-01-02 08:47:14,224 INFO 5732 [egg-watcher:application] watcher start success
2020-01-02 08:47:14,233 INFO 5732 [egg:core] dump config after ready, 5ms
2020-01-03 08:32:17,085 INFO 7504 [egg:logger] init all loggers with options: {"dir":"D:\\vue\\shopping\\server\\logs\\server","encoding":"utf8","env":"local","level":"INFO","consoleLevel":"INFO","disableConsoleAfterReady":false,"outputJSON":false,"buffer":true,"appLogName":"server-web.log","coreLogName":"egg-web.log","agentLogName":"egg-agent.log","errorLogName":"common-error.log","coreLogger":{"consoleLevel":"WARN"},"allowDebugAtProd":false,"type":"application"}
2020-01-03 08:32:17,124 INFO 7504 [egg-multipart] stream mode enable
2020-01-03 08:32:17,747 INFO 7504 [egg-mongoose] connecting mongodb://127.0.0.1/shoppingMall
2020-01-03 08:32:18,157 INFO 7504 [egg-static] starting static serve /public/ -> D:\vue\shopping\server\app\public
2020-01-03 08:32:18,161 INFO 7504 [egg-security] use methodnoallow middleware
2020-01-03 08:32:18,162 INFO 7504 [egg-security] use noopen middleware
2020-01-03 08:32:18,163 INFO 7504 [egg-security] use nosniff middleware
2020-01-03 08:32:18,164 INFO 7504 [egg-security] use xssProtection middleware
2020-01-03 08:32:18,164 INFO 7504 [egg-security] use xframe middleware
2020-01-03 08:32:18,165 INFO 7504 [egg-security] use dta middleware
2020-01-03 08:32:18,165 INFO 7504 [egg-security] compose 6 middlewares into one security middleware
2020-01-03 08:32:18,191 INFO 7504 [egg:core] dump config after load, 5ms
2020-01-03 08:32:18,193 INFO 7504 [egg-mongoose] starting...
2020-01-03 08:32:18,259 INFO 7504 [egg-mongoose] mongodb://127.0.0.1/shoppingMall connected successfully
2020-01-03 08:32:18,268 INFO 7504 [egg-mongoose] instance[0] start successfully
2020-01-03 08:32:18,270 INFO 7504 [egg-watcher:application] watcher start success
2020-01-03 08:32:18,296 INFO 7504 [egg:core] dump config after ready, 22ms
2020-01-03 16:57:38,328 INFO 1392 [egg:logger] init all loggers with options: {"dir":"D:\\vue\\shopping\\server\\logs\\server","encoding":"utf8","env":"local","level":"INFO","consoleLevel":"INFO","disableConsoleAfterReady":false,"outputJSON":false,"buffer":true,"appLogName":"server-web.log","coreLogName":"egg-web.log","agentLogName":"egg-agent.log","errorLogName":"common-error.log","coreLogger":{"consoleLevel":"WARN"},"allowDebugAtProd":false,"type":"application"}
2020-01-03 16:57:38,374 INFO 1392 [egg-multipart] stream mode enable
2020-01-03 16:57:38,969 INFO 1392 [egg-mongoose] connecting mongodb://127.0.0.1/shoppingMall
2020-01-03 16:57:39,424 INFO 1392 [egg-static] starting static serve /public/ -> D:\vue\shopping\server\app\public
2020-01-03 16:57:39,426 INFO 1392 [egg-security] use methodnoallow middleware
2020-01-03 16:57:39,427 INFO 1392 [egg-security] use noopen middleware
2020-01-03 16:57:39,428 INFO 1392 [egg-security] use nosniff middleware
2020-01-03 16:57:39,429 INFO 1392 [egg-security] use xssProtection middleware
2020-01-03 16:57:39,430 INFO 1392 [egg-security] use xframe middleware
2020-01-03 16:57:39,430 INFO 1392 [egg-security] use dta middleware
2020-01-03 16:57:39,430 INFO 1392 [egg-security] compose 6 middlewares into one security middleware
2020-01-03 16:57:39,453 INFO 1392 [egg:core] dump config after load, 4ms
2020-01-03 16:57:39,455 INFO 1392 [egg-mongoose] starting...
2020-01-03 16:57:39,505 INFO 1392 [egg-mongoose] mongodb://127.0.0.1/shoppingMall connected successfully
2020-01-03 16:57:39,517 INFO 1392 [egg-mongoose] instance[0] start successfully
2020-01-03 16:57:39,519 INFO 1392 [egg-watcher:application] watcher start success
2020-01-03 16:57:39,528 INFO 1392 [egg:core] dump config after ready, 6ms
2020-01-05 11:15:29,908 INFO 17580 [egg:logger] init all loggers with options: {"dir":"D:\\vue\\shopping\\server\\logs\\server","encoding":"utf8","env":"local","level":"INFO","consoleLevel":"INFO","disableConsoleAfterReady":false,"outputJSON":false,"buffer":true,"appLogName":"server-web.log","coreLogName":"egg-web.log","agentLogName":"egg-agent.log","errorLogName":"common-error.log","coreLogger":{"consoleLevel":"WARN"},"allowDebugAtProd":false,"type":"application"}
2020-01-05 11:15:29,953 INFO 17580 [egg-multipart] stream mode enable
2020-01-05 11:15:30,766 INFO 17580 [egg-mongoose] connecting mongodb://127.0.0.1/shoppingMall
2020-01-05 11:15:31,374 INFO 17580 [egg-static] starting static serve /public/ -> D:\vue\shopping\server\app\public
2020-01-05 11:15:31,377 INFO 17580 [egg-security] use methodnoallow middleware
2020-01-05 11:15:31,379 INFO 17580 [egg-security] use noopen middleware
2020-01-05 11:15:31,381 INFO 17580 [egg-security] use nosniff middleware
2020-01-05 11:15:31,383 INFO 17580 [egg-security] use xssProtection middleware
2020-01-05 11:15:31,385 INFO 17580 [egg-security] use xframe middleware
2020-01-05 11:15:31,387 INFO 17580 [egg-security] use dta middleware
2020-01-05 11:15:31,387 INFO 17580 [egg-security] compose 6 middlewares into one security middleware
2020-01-05 11:15:31,420 INFO 17580 [egg:core] dump config after load, 9ms
2020-01-05 11:15:31,424 INFO 17580 [egg-mongoose] starting...
2020-01-05 11:15:31,483 INFO 17580 [egg-mongoose] mongodb://127.0.0.1/shoppingMall connected successfully
2020-01-05 11:15:31,499 INFO 17580 [egg-mongoose] instance[0] start successfully
2020-01-05 11:15:31,502 INFO 17580 [egg-watcher:application] watcher start success
2020-01-05 11:15:31,516 INFO 17580 [egg:core] dump config after ready, 9ms
2020-01-05 12:54:06,546 WARN 17580 [ClusterClient:Watcher] follower closed, and try to init it again
2020-01-05 13:39:24,216 INFO 16392 [egg:logger] init all loggers with options: {"dir":"D:\\vue\\shopping\\server\\logs\\server","encoding":"utf8","env":"local","level":"INFO","consoleLevel":"INFO","disableConsoleAfterReady":false,"outputJSON":false,"buffer":true,"appLogName":"server-web.log","coreLogName":"egg-web.log","agentLogName":"egg-agent.log","errorLogName":"common-error.log","coreLogger":{"consoleLevel":"WARN"},"allowDebugAtProd":false,"type":"application"}
2020-01-05 13:39:24,258 INFO 16392 [egg-multipart] stream mode enable
2020-01-05 13:39:25,037 INFO 16392 [egg-mongoose] connecting mongodb://127.0.0.1/shoppingMall
2020-01-05 13:39:25,615 INFO 16392 [egg-static] starting static serve /public/ -> D:\vue\shopping\server\app\public
2020-01-05 13:39:25,619 INFO 16392 [egg-security] use methodnoallow middleware
2020-01-05 13:39:25,621 INFO 16392 [egg-security] use noopen middleware
2020-01-05 13:39:25,623 INFO 16392 [egg-security] use nosniff middleware
2020-01-05 13:39:25,624 INFO 16392 [egg-security] use xssProtection middleware
2020-01-05 13:39:25,626 INFO 16392 [egg-security] use xframe middleware
2020-01-05 13:39:25,627 INFO 16392 [egg-security] use dta middleware
2020-01-05 13:39:25,627 INFO 16392 [egg-security] compose 6 middlewares into one security middleware
2020-01-05 13:39:25,660 INFO 16392 [egg:core] dump config after load, 8ms
2020-01-05 13:39:25,664 INFO 16392 [egg-mongoose] starting...
2020-01-05 13:39:25,730 INFO 16392 [egg-mongoose] mongodb://127.0.0.1/shoppingMall connected successfully
2020-01-05 13:39:25,745 INFO 16392 [egg-mongoose] instance[0] start successfully
2020-01-05 13:39:25,751 INFO 16392 [egg-watcher:application] watcher start success
2020-01-05 13:39:25,763 INFO 16392 [egg:core] dump config after ready, 10ms
2020-01-05 14:39:24,299 INFO 18848 [egg:logger] init all loggers with options: {"dir":"D:\\vue\\shopping\\server\\logs\\server","encoding":"utf8","env":"local","level":"INFO","consoleLevel":"INFO","disableConsoleAfterReady":false,"outputJSON":false,"buffer":true,"appLogName":"server-web.log","coreLogName":"egg-web.log","agentLogName":"egg-agent.log","errorLogName":"common-error.log","coreLogger":{"consoleLevel":"WARN"},"allowDebugAtProd":false,"type":"application"}
2020-01-05 14:39:24,345 INFO 18848 [egg-multipart] stream mode enable
2020-01-05 14:39:25,108 INFO 18848 [egg-mongoose] connecting mongodb://127.0.0.1/shoppingMall
2020-01-05 14:39:25,700 INFO 18848 [egg-static] starting static serve /public/ -> D:\vue\shopping\server\app\public
2020-01-05 14:39:25,704 INFO 18848 [egg-security] use methodnoallow middleware
2020-01-05 14:39:25,706 INFO 18848 [egg-security] use noopen middleware
2020-01-05 14:39:25,708 INFO 18848 [egg-security] use nosniff middleware
2020-01-05 14:39:25,709 INFO 18848 [egg-security] use xssProtection middleware
2020-01-05 14:39:25,711 INFO 18848 [egg-security] use xframe middleware
2020-01-05 14:39:25,712 INFO 18848 [egg-security] use dta middleware
2020-01-05 14:39:25,712 INFO 18848 [egg-security] compose 6 middlewares into one security middleware
2020-01-05 14:39:25,756 INFO 18848 [egg:core] dump config after load, 12ms
2020-01-05 14:39:25,758 INFO 18848 [egg-mongoose] starting...
2020-01-05 14:39:25,815 INFO 18848 [egg-mongoose] mongodb://127.0.0.1/shoppingMall connected successfully
2020-01-05 14:39:25,830 INFO 18848 [egg-mongoose] instance[0] start successfully
2020-01-05 14:39:25,836 INFO 18848 [egg-watcher:application] watcher start success
2020-01-05 14:39:25,849 INFO 18848 [egg:core] dump config after ready, 11ms
2020-01-05 14:39:27,979 INFO 17028 [egg:logger] init all loggers with options: {"dir":"D:\\vue\\shopping\\server\\logs\\server","encoding":"utf8","env":"local","level":"INFO","consoleLevel":"INFO","disableConsoleAfterReady":false,"outputJSON":false,"buffer":true,"appLogName":"server-web.log","coreLogName":"egg-web.log","agentLogName":"egg-agent.log","errorLogName":"common-error.log","coreLogger":{"consoleLevel":"WARN"},"allowDebugAtProd":false,"type":"application"}
2020-01-05 14:39:28,027 INFO 17028 [egg-multipart] stream mode enable
2020-01-05 14:39:28,673 INFO 17028 [egg-mongoose] connecting mongodb://127.0.0.1/shoppingMall
2020-01-05 14:39:29,159 INFO 17028 [egg-static] starting static serve /public/ -> D:\vue\shopping\server\app\public
2020-01-05 14:39:29,163 INFO 17028 [egg-security] use methodnoallow middleware
2020-01-05 14:39:29,164 INFO 17028 [egg-security] use noopen middleware
2020-01-05 14:39:29,166 INFO 17028 [egg-security] use nosniff middleware
2020-01-05 14:39:29,168 INFO 17028 [egg-security] use xssProtection middleware
2020-01-05 14:39:29,169 INFO 17028 [egg-security] use xframe middleware
2020-01-05 14:39:29,170 INFO 17028 [egg-security] use dta middleware
2020-01-05 14:39:29,171 INFO 17028 [egg-security] compose 6 middlewares into one security middleware
2020-01-05 14:39:29,207 INFO 17028 [egg:core] dump config after load, 11ms
2020-01-05 14:39:29,210 INFO 17028 [egg-mongoose] starting...
2020-01-05 14:39:29,263 INFO 17028 [egg-mongoose] mongodb://127.0.0.1/shoppingMall connected successfully
2020-01-05 14:39:29,277 INFO 17028 [egg-mongoose] instance[0] start successfully
2020-01-05 14:39:29,282 INFO 17028 [egg-watcher:application] watcher start success
2020-01-05 14:39:29,293 INFO 17028 [egg:core] dump config after ready, 9ms
2020-01-05 15:53:12,836 INFO 11372 [egg:logger] init all loggers with options: {"dir":"D:\\vue\\shopping\\server\\logs\\server","encoding":"utf8","env":"local","level":"INFO","consoleLevel":"INFO","disableConsoleAfterReady":false,"outputJSON":false,"buffer":true,"appLogName":"server-web.log","coreLogName":"egg-web.log","agentLogName":"egg-agent.log","errorLogName":"common-error.log","coreLogger":{"consoleLevel":"WARN"},"allowDebugAtProd":false,"type":"application"}
2020-01-05 15:53:12,889 INFO 11372 [egg-multipart] stream mode enable
2020-01-05 15:53:13,753 INFO 11372 [egg-mongoose] connecting mongodb://127.0.0.1/shoppingMall
2020-01-05 15:53:14,441 INFO 11372 [egg-static] starting static serve /public/ -> D:\vue\shopping\server\app\public
2020-01-05 15:53:14,446 INFO 11372 [egg-security] use methodnoallow middleware
2020-01-05 15:53:14,449 INFO 11372 [egg-security] use noopen middleware
2020-01-05 15:53:14,452 INFO 11372 [egg-security] use nosniff middleware
2020-01-05 15:53:14,455 INFO 11372 [egg-security] use xssProtection middleware
2020-01-05 15:53:14,457 INFO 11372 [egg-security] use xframe middleware
2020-01-05 15:53:14,459 INFO 11372 [egg-security] use dta middleware
2020-01-05 15:53:14,459 INFO 11372 [egg-security] compose 6 middlewares into one security middleware
2020-01-05 15:53:14,506 INFO 11372 [egg:core] dump config after load, 15ms
2020-01-05 15:53:14,509 INFO 11372 [egg-mongoose] starting...
2020-01-05 15:53:14,576 INFO 11372 [egg-mongoose] mongodb://127.0.0.1/shoppingMall connected successfully
2020-01-05 15:53:14,600 INFO 11372 [egg-mongoose] instance[0] start successfully
2020-01-05 15:53:14,607 INFO 11372 [egg-watcher:application] watcher start success
2020-01-05 15:53:14,620 INFO 11372 [egg:core] dump config after ready, 10ms
2020-01-05 16:53:13,213 INFO 13308 [egg:logger] init all loggers with options: {"dir":"D:\\vue\\shopping\\server\\logs\\server","encoding":"utf8","env":"local","level":"INFO","consoleLevel":"INFO","disableConsoleAfterReady":false,"outputJSON":false,"buffer":true,"appLogName":"server-web.log","coreLogName":"egg-web.log","agentLogName":"egg-agent.log","errorLogName":"common-error.log","coreLogger":{"consoleLevel":"WARN"},"allowDebugAtProd":false,"type":"application"}
2020-01-05 16:53:13,268 INFO 13308 [egg-multipart] stream mode enable
2020-01-05 16:53:14,355 INFO 13308 [egg-mongoose] connecting mongodb://127.0.0.1/shoppingMall
2020-01-05 16:53:15,186 INFO 13308 [egg-static] starting static serve /public/ -> D:\vue\shopping\server\app\public
2020-01-05 16:53:15,190 INFO 13308 [egg-security] use methodnoallow middleware
2020-01-05 16:53:15,192 INFO 13308 [egg-security] use noopen middleware
2020-01-05 16:53:15,194 INFO 13308 [egg-security] use nosniff middleware
2020-01-05 16:53:15,196 INFO 13308 [egg-security] use xssProtection middleware
2020-01-05 16:53:15,199 INFO 13308 [egg-security] use xframe middleware
2020-01-05 16:53:15,201 INFO 13308 [egg-security] use dta middleware
2020-01-05 16:53:15,201 INFO 13308 [egg-security] compose 6 middlewares into one security middleware
2020-01-05 16:53:15,248 INFO 13308 [egg:core] dump config after load, 9ms
2020-01-05 16:53:15,251 INFO 13308 [egg-mongoose] starting...
2020-01-05 16:53:15,325 INFO 13308 [egg-mongoose] mongodb://127.0.0.1/shoppingMall connected successfully
2020-01-05 16:53:15,342 INFO 13308 [egg-mongoose] instance[0] start successfully
2020-01-05 16:53:15,349 INFO 13308 [egg-watcher:application] watcher start success
2020-01-05 16:53:15,362 INFO 13308 [egg:core] dump config after ready, 11ms
2020-01-05 16:53:17,702 INFO 20368 [egg:logger] init all loggers with options: {"dir":"D:\\vue\\shopping\\server\\logs\\server","encoding":"utf8","env":"local","level":"INFO","consoleLevel":"INFO","disableConsoleAfterReady":false,"outputJSON":false,"buffer":true,"appLogName":"server-web.log","coreLogName":"egg-web.log","agentLogName":"egg-agent.log","errorLogName":"common-error.log","coreLogger":{"consoleLevel":"WARN"},"allowDebugAtProd":false,"type":"application"}
2020-01-05 16:53:17,747 INFO 20368 [egg-multipart] stream mode enable
2020-01-05 16:53:18,400 INFO 20368 [egg-mongoose] connecting mongodb://127.0.0.1/shoppingMall
2020-01-05 16:53:18,924 INFO 20368 [egg-static] starting static serve /public/ -> D:\vue\shopping\server\app\public
2020-01-05 16:53:18,928 INFO 20368 [egg-security] use methodnoallow middleware
2020-01-05 16:53:18,929 INFO 20368 [egg-security] use noopen middleware
2020-01-05 16:53:18,931 INFO 20368 [egg-security] use nosniff middleware
2020-01-05 16:53:18,934 INFO 20368 [egg-security] use xssProtection middleware
2020-01-05 16:53:18,935 INFO 20368 [egg-security] use xframe middleware
2020-01-05 16:53:18,937 INFO 20368 [egg-security] use dta middleware
2020-01-05 16:53:18,937 INFO 20368 [egg-security] compose 6 middlewares into one security middleware
2020-01-05 16:53:18,971 INFO 20368 [egg:core] dump config after load, 8ms
2020-01-05 16:53:18,974 INFO 20368 [egg-mongoose] starting...
2020-01-05 16:53:19,034 INFO 20368 [egg-mongoose] mongodb://127.0.0.1/shoppingMall connected successfully
2020-01-05 16:53:19,050 INFO 20368 [egg-mongoose] instance[0] start successfully
2020-01-05 16:53:19,052 INFO 20368 [egg-watcher:application] watcher start success
2020-01-05 16:53:19,067 INFO 20368 [egg:core] dump config after ready, 11ms
2020-01-05 18:23:35,639 WARN 20368 [TCPBase] socket is closed by other side while there were still unhandled data in the socket buffer
2020-01-05 18:23:35,642 WARN 20368 [ClusterClient:Watcher] follower closed, and try to init it again
2020-01-05 18:23:41,007 INFO 19216 [egg:logger] init all loggers with options: {"dir":"D:\\vue\\shopping\\server\\logs\\server","encoding":"utf8","env":"local","level":"INFO","consoleLevel":"INFO","disableConsoleAfterReady":false,"outputJSON":false,"buffer":true,"appLogName":"server-web.log","coreLogName":"egg-web.log","agentLogName":"egg-agent.log","errorLogName":"common-error.log","coreLogger":{"consoleLevel":"WARN"},"allowDebugAtProd":false,"type":"application"}
2020-01-05 18:23:41,080 INFO 19216 [egg-multipart] stream mode enable
2020-01-05 18:23:42,393 INFO 19216 [egg-mongoose] connecting mongodb://127.0.0.1/shoppingMall
2020-01-05 18:23:43,548 INFO 19216 [egg-static] starting static serve /public/ -> D:\vue\shopping\server\app\public
2020-01-05 18:23:43,562 INFO 19216 [egg-security] use methodnoallow middleware
2020-01-05 18:23:43,566 INFO 19216 [egg-security] use noopen middleware
2020-01-05 18:23:43,572 INFO 19216 [egg-security] use nosniff middleware
2020-01-05 18:23:43,576 INFO 19216 [egg-security] use xssProtection middleware
2020-01-05 18:23:43,580 INFO 19216 [egg-security] use xframe middleware
2020-01-05 18:23:43,584 INFO 19216 [egg-security] use dta middleware
2020-01-05 18:23:43,584 INFO 19216 [egg-security] compose 6 middlewares into one security middleware
2020-01-05 18:23:43,749 INFO 19216 [egg:core] dump config after load, 15ms
2020-01-05 18:23:43,754 INFO 19216 [egg-mongoose] starting...
2020-01-05 18:23:43,923 INFO 19216 [egg-mongoose] mongodb://127.0.0.1/shoppingMall connected successfully
2020-01-05 18:23:43,951 INFO 19216 [egg-mongoose] instance[0] start successfully
2020-01-05 18:23:43,978 INFO 19216 [egg-watcher:application] watcher start success
2020-01-05 18:23:44,011 INFO 19216 [egg:core] dump config after ready, 29ms
2020-01-05 18:38:07,916 INFO 11156 [egg:logger] init all loggers with options: {"dir":"D:\\vue\\shopping\\server\\logs\\server","encoding":"utf8","env":"local","level":"INFO","consoleLevel":"INFO","disableConsoleAfterReady":false,"outputJSON":false,"buffer":true,"appLogName":"server-web.log","coreLogName":"egg-web.log","agentLogName":"egg-agent.log","errorLogName":"common-error.log","coreLogger":{"consoleLevel":"WARN"},"allowDebugAtProd":false,"type":"application"}
2020-01-05 18:38:07,956 INFO 11156 [egg-multipart] stream mode enable
2020-01-05 18:38:08,591 INFO 11156 [egg-mongoose] connecting mongodb://127.0.0.1/shoppingMall
2020-01-05 18:38:09,081 INFO 11156 [egg-static] starting static serve /public/ -> D:\vue\shopping\server\app\public
2020-01-05 18:38:09,085 INFO 11156 [egg-security] use methodnoallow middleware
2020-01-05 18:38:09,087 INFO 11156 [egg-security] use noopen middleware
2020-01-05 18:38:09,089 INFO 11156 [egg-security] use nosniff middleware
2020-01-05 18:38:09,091 INFO 11156 [egg-security] use xssProtection middleware
2020-01-05 18:38:09,093 INFO 11156 [egg-security] use xframe middleware
2020-01-05 18:38:09,095 INFO 11156 [egg-security] use dta middleware
2020-01-05 18:38:09,095 INFO 11156 [egg-security] compose 6 middlewares into one security middleware
2020-01-05 18:38:09,128 INFO 11156 [egg:core] dump config after load, 9ms
2020-01-05 18:38:09,132 INFO 11156 [egg-mongoose] starting...
2020-01-05 18:38:09,190 INFO 11156 [egg-mongoose] mongodb://127.0.0.1/shoppingMall connected successfully
2020-01-05 18:38:09,206 INFO 11156 [egg-mongoose] instance[0] start successfully
2020-01-05 18:38:09,214 INFO 11156 [egg-watcher:application] watcher start success
2020-01-05 18:38:09,228 INFO 11156 [egg:core] dump config after ready, 12ms
2020-01-05 19:26:08,191 INFO 17492 [egg:logger] init all loggers with options: {"dir":"D:\\vue\\shopping\\server\\logs\\server","encoding":"utf8","env":"local","level":"INFO","consoleLevel":"INFO","disableConsoleAfterReady":false,"outputJSON":false,"buffer":true,"appLogName":"server-web.log","coreLogName":"egg-web.log","agentLogName":"egg-agent.log","errorLogName":"common-error.log","coreLogger":{"consoleLevel":"WARN"},"allowDebugAtProd":false,"type":"application"}
2020-01-05 19:26:08,234 INFO 17492 [egg-multipart] stream mode enable
2020-01-05 19:26:09,026 INFO 17492 [egg-mongoose] connecting mongodb://127.0.0.1/shoppingMall
2020-01-05 19:26:09,692 INFO 17492 [egg-static] starting static serve /public/ -> D:\vue\shopping\server\app\public
2020-01-05 19:26:09,696 INFO 17492 [egg-security] use methodnoallow middleware
2020-01-05 19:26:09,698 INFO 17492 [egg-security] use noopen middleware
2020-01-05 19:26:09,700 INFO 17492 [egg-security] use nosniff middleware
2020-01-05 19:26:09,702 INFO 17492 [egg-security] use xssProtection middleware
2020-01-05 19:26:09,704 INFO 17492 [egg-security] use xframe middleware
2020-01-05 19:26:09,705 INFO 17492 [egg-security] use dta middleware
2020-01-05 19:26:09,705 INFO 17492 [egg-security] compose 6 middlewares into one security middleware
2020-01-05 19:26:09,743 INFO 17492 [egg:core] dump config after load, 8ms
2020-01-05 19:26:09,746 INFO 17492 [egg-mongoose] starting...
2020-01-05 19:26:09,805 INFO 17492 [egg-mongoose] mongodb://127.0.0.1/shoppingMall connected successfully
2020-01-05 19:26:09,830 INFO 17492 [egg-mongoose] instance[0] start successfully
2020-01-05 19:26:09,836 INFO 17492 [egg-watcher:application] watcher start success
2020-01-05 19:26:09,849 INFO 17492 [egg:core] dump config after ready, 11ms
2020-01-05 19:53:07,747 INFO 18204 [egg:logger] init all loggers with options: {"dir":"D:\\vue\\shopping\\server\\logs\\server","encoding":"utf8","env":"local","level":"INFO","consoleLevel":"INFO","disableConsoleAfterReady":false,"outputJSON":false,"buffer":true,"appLogName":"server-web.log","coreLogName":"egg-web.log","agentLogName":"egg-agent.log","errorLogName":"common-error.log","coreLogger":{"consoleLevel":"WARN"},"allowDebugAtProd":false,"type":"application"}
2020-01-05 19:53:07,787 INFO 18204 [egg-multipart] stream mode enable
2020-01-05 19:53:08,447 INFO 18204 [egg-mongoose] connecting mongodb://127.0.0.1/shoppingMall
2020-01-05 19:53:08,927 INFO 18204 [egg-static] starting static serve /public/ -> D:\vue\shopping\server\app\public
2020-01-05 19:53:08,931 INFO 18204 [egg-security] use methodnoallow middleware
2020-01-05 19:53:08,933 INFO 18204 [egg-security] use noopen middleware
2020-01-05 19:53:08,935 INFO 18204 [egg-security] use nosniff middleware
2020-01-05 19:53:08,936 INFO 18204 [egg-security] use xssProtection middleware
2020-01-05 19:53:08,937 INFO 18204 [egg-security] use xframe middleware
2020-01-05 19:53:08,939 INFO 18204 [egg-security] use dta middleware
2020-01-05 19:53:08,939 INFO 18204 [egg-security] compose 6 middlewares into one security middleware
2020-01-05 19:53:08,968 INFO 18204 [egg:core] dump config after load, 7ms
2020-01-05 19:53:08,971 INFO 18204 [egg-mongoose] starting...
2020-01-05 19:53:09,030 INFO 18204 [egg-mongoose] mongodb://127.0.0.1/shoppingMall connected successfully
2020-01-05 19:53:09,045 INFO 18204 [egg-mongoose] instance[0] start successfully
2020-01-05 19:53:09,052 INFO 18204 [egg-watcher:application] watcher start success
2020-01-05 19:53:09,065 INFO 18204 [egg:core] dump config after ready, 11ms
2020-01-05 20:26:54,139 INFO 8596 [egg:logger] init all loggers with options: {"dir":"D:\\vue\\shopping\\server\\logs\\server","encoding":"utf8","env":"local","level":"INFO","consoleLevel":"INFO","disableConsoleAfterReady":false,"outputJSON":false,"buffer":true,"appLogName":"server-web.log","coreLogName":"egg-web.log","agentLogName":"egg-agent.log","errorLogName":"common-error.log","coreLogger":{"consoleLevel":"WARN"},"allowDebugAtProd":false,"type":"application"}
2020-01-05 20:26:54,188 INFO 8596 [egg-multipart] stream mode enable
2020-01-05 20:26:55,086 INFO 8596 [egg-mongoose] connecting mongodb://127.0.0.1/shoppingMall
2020-01-05 20:26:55,750 INFO 8596 [egg-static] starting static serve /public/ -> D:\vue\shopping\server\app\public
2020-01-05 20:26:55,755 INFO 8596 [egg-security] use methodnoallow middleware
2020-01-05 20:26:55,756 INFO 8596 [egg-security] use noopen middleware
2020-01-05 20:26:55,759 INFO 8596 [egg-security] use nosniff middleware
2020-01-05 20:26:55,760 INFO 8596 [egg-security] use xssProtection middleware
2020-01-05 20:26:55,762 INFO 8596 [egg-security] use xframe middleware
2020-01-05 20:26:55,764 INFO 8596 [egg-security] use dta middleware
2020-01-05 20:26:55,764 INFO 8596 [egg-security] compose 6 middlewares into one security middleware
2020-01-05 20:26:55,804 INFO 8596 [egg:core] dump config after load, 9ms
2020-01-05 20:26:55,807 INFO 8596 [egg-mongoose] starting...
2020-01-05 20:26:55,877 INFO 8596 [egg-mongoose] mongodb://127.0.0.1/shoppingMall connected successfully
2020-01-05 20:26:55,893 INFO 8596 [egg-mongoose] instance[0] start successfully
2020-01-05 20:26:55,899 INFO 8596 [egg-watcher:application] watcher start success
2020-01-05 20:26:55,912 INFO 8596 [egg:core] dump config after ready, 11ms
2020-01-05 21:30:38,629 INFO 18360 [egg:logger] init all loggers with options: {"dir":"D:\\vue\\shopping\\server\\logs\\server","encoding":"utf8","env":"local","level":"INFO","consoleLevel":"INFO","disableConsoleAfterReady":false,"outputJSON":false,"buffer":true,"appLogName":"server-web.log","coreLogName":"egg-web.log","agentLogName":"egg-agent.log","errorLogName":"common-error.log","coreLogger":{"consoleLevel":"WARN"},"allowDebugAtProd":false,"type":"application"}
2020-01-05 21:30:38,685 INFO 18360 [egg-multipart] stream mode enable
2020-01-05 21:30:39,602 INFO 18360 [egg-mongoose] connecting mongodb://127.0.0.1/shoppingMall
2020-01-05 21:30:40,397 INFO 18360 [egg-static] starting static serve /public/ -> D:\vue\shopping\server\app\public
2020-01-05 21:30:40,401 INFO 18360 [egg-security] use methodnoallow middleware
2020-01-05 21:30:40,403 INFO 18360 [egg-security] use noopen middleware
2020-01-05 21:30:40,406 INFO 18360 [egg-security] use nosniff middleware
2020-01-05 21:30:40,408 INFO 18360 [egg-security] use xssProtection middleware
2020-01-05 21:30:40,410 INFO 18360 [egg-security] use xframe middleware
2020-01-05 21:30:40,413 INFO 18360 [egg-security] use dta middleware
2020-01-05 21:30:40,413 INFO 18360 [egg-security] compose 6 middlewares into one security middleware
2020-01-05 21:30:40,456 INFO 18360 [egg:core] dump config after load, 10ms
2020-01-05 21:30:40,459 INFO 18360 [egg-mongoose] starting...
2020-01-05 21:30:40,524 INFO 18360 [egg-mongoose] mongodb://127.0.0.1/shoppingMall connected successfully
2020-01-05 21:30:40,533 INFO 18360 [egg-mongoose] instance[0] start successfully
2020-01-05 21:30:40,535 INFO 18360 [egg-watcher:application] watcher start success
2020-01-05 21:30:40,550 INFO 18360 [egg:core] dump config after ready, 10ms
2020-01-05 21:30:42,937 INFO 2732 [egg:logger] init all loggers with options: {"dir":"D:\\vue\\shopping\\server\\logs\\server","encoding":"utf8","env":"local","level":"INFO","consoleLevel":"INFO","disableConsoleAfterReady":false,"outputJSON":false,"buffer":true,"appLogName":"server-web.log","coreLogName":"egg-web.log","agentLogName":"egg-agent.log","errorLogName":"common-error.log","coreLogger":{"consoleLevel":"WARN"},"allowDebugAtProd":false,"type":"application"}
2020-01-05 21:30:42,990 INFO 2732 [egg-multipart] stream mode enable
2020-01-05 21:30:43,767 INFO 2732 [egg-mongoose] connecting mongodb://127.0.0.1/shoppingMall
2020-01-05 21:30:44,369 INFO 2732 [egg-static] starting static serve /public/ -> D:\vue\shopping\server\app\public
2020-01-05 21:30:44,373 INFO 2732 [egg-security] use methodnoallow middleware
2020-01-05 21:30:44,375 INFO 2732 [egg-security] use noopen middleware
2020-01-05 21:30:44,377 INFO 2732 [egg-security] use nosniff middleware
2020-01-05 21:30:44,378 INFO 2732 [egg-security] use xssProtection middleware
2020-01-05 21:30:44,380 INFO 2732 [egg-security] use xframe middleware
2020-01-05 21:30:44,382 INFO 2732 [egg-security] use dta middleware
2020-01-05 21:30:44,382 INFO 2732 [egg-security] compose 6 middlewares into one security middleware
2020-01-05 21:30:44,417 INFO 2732 [egg:core] dump config after load, 8ms
2020-01-05 21:30:44,421 INFO 2732 [egg-mongoose] starting...
2020-01-05 21:30:44,490 INFO 2732 [egg-mongoose] mongodb://127.0.0.1/shoppingMall connected successfully
2020-01-05 21:30:44,500 INFO 2732 [egg-mongoose] instance[0] start successfully
2020-01-05 21:30:44,507 INFO 2732 [egg-watcher:application] watcher start success
2020-01-05 21:30:44,520 INFO 2732 [egg:core] dump config after ready, 11ms
2020-01-05 21:38:29,596 INFO 6384 [egg:logger] init all loggers with options: {"dir":"D:\\vue\\shopping\\server\\logs\\server","encoding":"utf8","env":"local","level":"INFO","consoleLevel":"INFO","disableConsoleAfterReady":false,"outputJSON":false,"buffer":true,"appLogName":"server-web.log","coreLogName":"egg-web.log","agentLogName":"egg-agent.log","errorLogName":"common-error.log","coreLogger":{"consoleLevel":"WARN"},"allowDebugAtProd":false,"type":"application"}
2020-01-05 21:38:29,638 INFO 6384 [egg-multipart] stream mode enable
2020-01-05 21:38:30,547 INFO 6384 [egg-mongoose] connecting mongodb://127.0.0.1/shoppingMall
2020-01-05 21:38:31,305 INFO 6384 [egg-static] starting static serve /public/ -> D:\vue\shopping\server\app\public
2020-01-05 21:38:31,309 INFO 6384 [egg-security] use methodnoallow middleware
2020-01-05 21:38:31,311 INFO 6384 [egg-security] use noopen middleware
2020-01-05 21:38:31,313 INFO 6384 [egg-security] use nosniff middleware
2020-01-05 21:38:31,315 INFO 6384 [egg-security] use xssProtection middleware
2020-01-05 21:38:31,317 INFO 6384 [egg-security] use xframe middleware
2020-01-05 21:38:31,319 INFO 6384 [egg-security] use dta middleware
2020-01-05 21:38:31,319 INFO 6384 [egg-security] compose 6 middlewares into one security middleware
2020-01-05 21:38:31,361 INFO 6384 [egg:core] dump config after load, 10ms
2020-01-05 21:38:31,364 INFO 6384 [egg-mongoose] starting...
2020-01-05 21:38:31,424 INFO 6384 [egg-mongoose] mongodb://127.0.0.1/shoppingMall connected successfully
2020-01-05 21:38:31,441 INFO 6384 [egg-mongoose] instance[0] start successfully
2020-01-05 21:38:31,447 INFO 6384 [egg-watcher:application] watcher start success
2020-01-05 21:38:31,459 INFO 6384 [egg:core] dump config after ready, 10ms
2020-01-06 08:41:19,123 INFO 5936 [egg:logger] init all loggers with options: {"dir":"D:\\vue\\shopping\\server\\logs\\server","encoding":"utf8","env":"local","level":"INFO","consoleLevel":"INFO","disableConsoleAfterReady":false,"outputJSON":false,"buffer":true,"appLogName":"server-web.log","coreLogName":"egg-web.log","agentLogName":"egg-agent.log","errorLogName":"common-error.log","coreLogger":{"consoleLevel":"WARN"},"allowDebugAtProd":false,"type":"application"}
2020-01-06 08:41:19,150 INFO 5936 [egg-multipart] stream mode enable
2020-01-06 08:41:19,717 INFO 5936 [egg-mongoose] connecting mongodb://127.0.0.1/shoppingMall
2020-01-06 08:41:20,094 INFO 5936 [egg-static] starting static serve /public/ -> D:\vue\shopping\server\app\public
2020-01-06 08:41:20,097 INFO 5936 [egg-security] use methodnoallow middleware
2020-01-06 08:41:20,098 INFO 5936 [egg-security] use noopen middleware
2020-01-06 08:41:20,099 INFO 5936 [egg-security] use nosniff middleware
2020-01-06 08:41:20,099 INFO 5936 [egg-security] use xssProtection middleware
2020-01-06 08:41:20,100 INFO 5936 [egg-security] use xframe middleware
2020-01-06 08:41:20,100 INFO 5936 [egg-security] use dta middleware
2020-01-06 08:41:20,101 INFO 5936 [egg-security] compose 6 middlewares into one security middleware
2020-01-06 08:41:20,125 INFO 5936 [egg:core] dump config after load, 5ms
2020-01-06 08:41:20,129 INFO 5936 [egg-mongoose] starting...
2020-01-06 08:41:20,190 INFO 5936 [egg-mongoose] mongodb://127.0.0.1/shoppingMall connected successfully
2020-01-06 08:41:20,205 INFO 5936 [egg-mongoose] instance[0] start successfully
2020-01-06 08:41:20,208 INFO 5936 [egg-watcher:application] watcher start success
2020-01-06 08:41:20,228 INFO 5936 [egg:core] dump config after ready, 14ms
2020-01-06 21:21:13,529 INFO 13164 [egg:logger] init all loggers with options: {"dir":"D:\\vue\\shopping\\server\\logs\\server","encoding":"utf8","env":"local","level":"INFO","consoleLevel":"INFO","disableConsoleAfterReady":false,"outputJSON":false,"buffer":true,"appLogName":"server-web.log","coreLogName":"egg-web.log","agentLogName":"egg-agent.log","errorLogName":"common-error.log","coreLogger":{"consoleLevel":"WARN"},"allowDebugAtProd":false,"type":"application"}
2020-01-06 21:21:13,575 INFO 13164 [egg-multipart] stream mode enable
2020-01-06 21:21:14,314 INFO 13164 [egg-mongoose] connecting mongodb://127.0.0.1/shoppingMall
2020-01-06 21:21:14,752 INFO 13164 [egg-static] starting static serve /public/ -> D:\vue\shopping\server\app\public
2020-01-06 21:21:14,755 INFO 13164 [egg-security] use methodnoallow middleware
2020-01-06 21:21:14,756 INFO 13164 [egg-security] use noopen middleware
2020-01-06 21:21:14,757 INFO 13164 [egg-security] use nosniff middleware
2020-01-06 21:21:14,759 INFO 13164 [egg-security] use xssProtection middleware
2020-01-06 21:21:14,761 INFO 13164 [egg-security] use xframe middleware
2020-01-06 21:21:14,762 INFO 13164 [egg-security] use dta middleware
2020-01-06 21:21:14,762 INFO 13164 [egg-security] compose 6 middlewares into one security middleware
2020-01-06 21:21:14,792 INFO 13164 [egg:core] dump config after load, 6ms
2020-01-06 21:21:14,795 INFO 13164 [egg-mongoose] starting...
2020-01-06 21:21:14,851 INFO 13164 [egg-mongoose] mongodb://127.0.0.1/shoppingMall connected successfully
2020-01-06 21:21:14,866 INFO 13164 [egg-mongoose] instance[0] start successfully
2020-01-06 21:21:14,869 INFO 13164 [egg-watcher:application] watcher start success
2020-01-06 21:21:14,881 INFO 13164 [egg:core] dump config after ready, 8ms
